# abc model output
# 
time	simRunoff	obsRunoff
1989-11-01 07:30	2.34	2.79
1989-11-02 07:30	0.0	5.05
1989-11-03 07:30	3.3706400000000003	4.79
1989-11-04 07:30	0.29796000000000006	4.32
1989-11-05 07:30	3.0369767999999997	3.92
1989-11-06 07:30	0.5525052	3.72
1989-11-07 07:30	2.7004098159999996	4.12
1989-11-08 07:30	1.6371595239999999	4.12
1989-11-09 07:30	2.4741565399199996	4.12
1989-11-10 07:30	1.48464878588	3.92
1989-11-11 07:30	2.1525161897303997	3.19
1989-11-12 07:30	1.2916444437156	2.92
1989-11-13 07:30	1.8726890850654476	2.66
1989-11-14 07:30	1.1237306660325719	2.39
1989-11-15 07:30	1.6292395040069396	2.26
1989-11-16 07:30	0.9776456794483376	2.13
1989-11-17 07:30	1.4257583684860373	1.93
1989-11-18 07:30	0.8505517411200537	1.79
1989-11-19 07:30	1.2404097805828525	1.66
1989-11-20 07:30	0.7399800147744467	1.6
1989-11-21 07:30	1.0791565091070816	1.6
1989-11-22 07:30	0.6453426128537686	1.6
1989-11-23 07:30	1.022066162923161	1.46
1989-11-24 07:30	0.9254480731827788	1.4
1989-11-25 07:30	1.0878375617431502	1.4
1989-11-26 07:30	1.1077798236690177	1.26
1989-11-27 07:30	0.9895786787165405	1.2
1989-11-28 07:30	1.1587684465920456	1.06
1989-11-29 07:30	1.2566534504833902	1.06
1989-11-30 07:30	1.0102085485350796	1.0
1989-12-01 07:30	1.0932885019205494	1.0
1989-12-02 07:30	0.8788814372255193	1.0
1989-12-03 07:30	0.951160996670878	1.0
1989-12-04 07:30	0.7646268503862017	0.93
1989-12-05 07:30	0.8275100671036638	0.93
1989-12-06 07:30	0.6995453598359954	0.93
1989-12-07 07:30	0.7230537583801875	0.93
1989-12-08 07:30	0.719884463057316	0.93
1989-12-09 07:30	0.6945767697907632	0.8
1989-12-10 07:30	0.676739482859865	0.8
1989-12-11 07:30	0.740521789717964	0.8
1989-12-12 07:30	0.5887633500880826	0.73
1989-12-13 07:30	0.7076939570546286	0.93
1989-12-14 07:30	0.8528241145766318	1.26
1989-12-15 07:30	1.2495737426375269	5.72
1989-12-16 07:30	2.3825569796816697	11.83
1989-12-17 07:30	2.7084891560946485	11.83
1989-12-18 07:30	2.7644245723230525	8.84
1989-12-19 07:30	2.557105565802344	7.24
1989-12-20 07:30	2.8652493779210557	8.84
1989-12-21 07:30	2.6412018422480394	10.04
1989-12-22 07:30	3.8073269587913185	8.84
1989-12-23 07:30	2.3186456027557942	8.24
1989-12-24 07:30	4.375254454148448	7.24
1989-12-25 07:30	2.386421674397541	6.85
1989-12-26 07:30	4.030591375109149	6.05
1989-12-27 07:30	2.0761868567258603	5.38
1989-12-28 07:30	3.50661449634496	4.79
1989-12-29 07:30	1.8062825653514987	4.32
1989-12-30 07:30	3.0507546118201154	3.72
1989-12-31 07:30	1.571465831855804	3.39
1990-01-01 07:30	2.6541565122835005	2.92
1990-01-02 07:30	1.3671752737145495	2.66
1990-01-03 07:30	2.3106761656866457	2.53
1990-01-04 07:30	1.2055624881316582	2.39
1990-01-05 07:30	2.0108082641473817	2.26
1990-01-06 07:30	1.0576793646745426	2.13
1990-01-07 07:30	1.8799231898082218	1.99
1990-01-08 07:30	0.920181047266852	1.93
1990-01-09 07:30	1.635533175133153	1.79
1990-01-10 07:30	0.8494375111221613	1.66
1990-01-11 07:30	1.4411138623658433	1.6
1990-01-12 07:30	0.7488906346762803	1.46
1990-01-13 07:30	1.3036890602582838	1.46
1990-01-14 07:30	0.6624548521683638	1.4
1990-01-15 07:30	1.1451294824247067	1.4
1990-01-16 07:30	0.5830957213864765	1.46
1990-01-17 07:30	1.235982649709495	1.6
1990-01-18 07:30	0.7314132776062344	1.6
1990-01-19 07:30	1.3238649052472606	1.6
1990-01-20 07:30	0.665449551517424	1.46
1990-01-21 07:30	1.5719224675651167	1.6
1990-01-22 07:30	0.9247411098201589	1.46
1990-01-23 07:30	1.4356925467816517	1.4
1990-01-24 07:30	0.8196047655435381	2.13
1990-01-25 07:30	1.984332515700037	2.79
1990-01-26 07:30	1.1763761460228783	4.79
1990-01-27 07:30	2.7804092886590324	4.12
1990-01-28 07:30	1.6505672470399042	3.52
1990-01-29 07:30	2.4444360811333583	3.19
1990-01-30 07:30	1.4713535049247168	2.92
1990-01-31 07:30	2.126659390586022	2.66
1990-02-01 07:30	1.2998375492845033	2.53
1990-02-02 07:30	1.8501936698098387	2.53
1990-02-03 07:30	1.1308586678775179	2.26
1990-02-04 07:30	1.74330849273456	2.13
1990-02-05 07:30	1.2064070410534407	1.99
1990-02-06 07:30	1.5166783886790671	1.93
1990-02-07 07:30	1.0495741257164934	1.93
1990-02-08 07:30	1.3195101981507884	1.93
1990-02-09 07:30	0.9131294893733493	1.93
1990-02-10 07:30	1.386133872391186	1.79
1990-02-11 07:30	0.8235426557548138	1.99
1990-02-12 07:30	1.7649364689803317	1.99
1990-02-13 07:30	1.378962110506688	1.99
1990-02-14 07:30	1.9260147280128885	1.99
1990-02-15 07:30	2.4424970361408187	1.93
1990-02-16 07:30	2.2871528133712133	1.79
1990-02-17 07:30	3.176412421442512	1.66
1990-02-18 07:30	2.024662947632956	1.79
1990-02-19 07:30	2.9142788066549854	2.39
1990-02-20 07:30	1.7630167644406713	4.12
1990-02-21 07:30	2.5354225617898374	6.05
1990-02-22 07:30	1.533824585063384	6.05
1990-02-23 07:30	2.2058176287571585	6.05
1990-02-24 07:30	1.3344273890051441	6.05
1990-02-25 07:30	1.9190613370187282	5.72
1990-02-26 07:30	1.1609518284344755	6.05
1990-02-27 07:30	1.8131033632062932	6.05
1990-02-28 07:30	2.379708090737994	5.72
1990-03-01 07:30	2.5893199259894755	11.83
1990-03-02 07:30	4.131626038942056	10.04
1990-03-03 07:30	2.865788335610844	7.24
1990-03-04 07:30	3.824874653879588	6.45
1990-03-05 07:30	2.6861558519814337	5.38
1990-03-06 07:30	3.6261209488752417	4.79
1990-03-07 07:30	2.4003955912238477	5.38
1990-03-08 07:30	3.5728052255214604	6.05
1990-03-09 07:30	2.101864164364747	6.85
1990-03-10 07:30	3.108340546203671	6.85
1990-03-11 07:30	2.0688618229973303	7.24
1990-03-12 07:30	3.2642962751971933	8.24
1990-03-13 07:30	1.7999097860076771	7.24
1990-03-14 07:30	2.8399377594215585	5.72
1990-03-15 07:30	1.565921513826679	5.05
1990-03-16 07:30	2.478025850696756	4.52
1990-03-17 07:30	1.362351717029211	4.12
1990-03-18 07:30	2.1558824901061775	3.72
1990-03-19 07:30	1.1852459938154134	3.39
1990-03-20 07:30	1.8756177663923743	3.19
1990-03-21 07:30	1.0311640146194097	2.92
1990-03-22 07:30	1.8865874567613659	2.79
1990-03-23 07:30	0.8971126927188864	2.53
1990-03-24 07:30	1.8082510873823885	2.39
1990-03-25 07:30	0.7804880426654311	2.13
1990-03-26 07:30	1.657418446022678	2.13
1990-03-27 07:30	0.8958645971189251	2.13
1990-03-28 07:30	1.60159404803973	1.99
1990-03-29 07:30	0.9010821994934648	2.13
1990-03-30 07:30	2.2342268217945653	2.13
1990-03-31 07:30	0.8068215135593143	1.99
1990-04-01 07:30	1.9437773349612717	1.99
1990-04-02 07:30	0.7019347167966035	1.99
1990-04-03 07:30	1.6910862814163063	2.13
1990-04-04 07:30	0.6486432036130451	2.13
1990-04-05 07:30	2.070285064832187	1.99
1990-04-06 07:30	0.6017595871433491	1.79
1990-04-07 07:30	1.8011480064040024	1.79
1990-04-08 07:30	0.5235308408147137	1.66
1990-04-09 07:30	1.5669987655714823	1.66
1990-04-10 07:30	0.4554718315088009	1.66
1990-04-11 07:30	1.3632889260471897	1.66
1990-04-12 07:30	0.8658204934126569	1.6
1990-04-13 07:30	1.469461365661055	1.46
1990-04-14 07:30	0.7667838292690115	1.4
1990-04-15 07:30	1.2831113881251177	1.46
1990-04-16 07:30	0.9494619314640399	1.46
1990-04-17 07:30	1.5052669076688525	1.6
1990-04-18 07:30	0.9066318803737148	1.6
1990-04-19 07:30	1.6850222096719016	1.66
1990-04-20 07:30	1.369089735925132	1.93
1990-04-21 07:30	1.8840493224145545	2.13
1990-04-22 07:30	1.2155480702548649	2.26
1990-04-23 07:30	1.6640829105006625	2.39
1990-04-24 07:30	1.1126468211217324	2.13
1990-04-25 07:30	1.7009921321355763	2.39
1990-04-26 07:30	1.4183227343759073	2.13
1990-04-27 07:30	1.6712231549579513	2.13
1990-04-28 07:30	1.2797007789070394	2.13
1990-04-29 07:30	1.6578041448134175	1.99
1990-04-30 07:30	1.1154196776491243	1.99
1990-05-01 07:30	1.4422896059876733	1.93
1990-05-02 07:30	0.970415119554738	1.79
1990-05-03 07:30	1.2547919572092758	1.79
1990-05-04 07:30	0.8442611540126221	1.66
1990-05-05 07:30	1.09166900277207	1.6
1990-05-06 07:30	0.7345072039909812	1.6
1990-05-07 07:30	0.9497520324117008	1.46
1990-05-08 07:30	0.6582612674721536	1.46
1990-05-09 07:30	0.9973642681981797	1.4
1990-05-10 07:30	0.8524473027007737	1.4
1990-05-11 07:30	0.9030669133324164	1.26
1990-05-12 07:30	0.7593091533496732	1.26
1990-05-13 07:30	1.0316282145992022	1.2
1990-05-14 07:30	0.6959589634142157	1.2
1990-05-15 07:30	0.897516546701306	1.06
1990-05-16 07:30	0.6054842981703675	1.06
1990-05-17 07:30	0.7808393956301363	1.0
1990-05-18 07:30	0.99789133940822	1.0
1990-05-19 07:30	0.6793302741982186	0.93
1990-05-20 07:30	0.8681654652851514	0.93
1990-05-21 07:30	0.5910173385524502	0.93
1990-05-22 07:30	0.7553039547980817	0.93
1990-05-23 07:30	0.5141850845406317	0.93
1990-05-24 07:30	0.657114440674331	0.8
1990-05-25 07:30	0.48218102355034953	0.8
1990-05-26 07:30	0.571689563386668	0.8
1990-05-27 07:30	0.41949749048880414	0.8
1990-05-28 07:30	0.4973699201464012	0.8
1990-05-29 07:30	0.3649628167252596	0.73
1990-05-30 07:30	0.432711830527369	0.73
1990-05-31 07:30	0.31751765055097586	0.73
1990-06-01 07:30	0.37645929255881105	0.66
1990-06-02 07:30	0.276240355979349	0.73
1990-06-03 07:30	0.3275195845261656	0.8
1990-06-04 07:30	1.6089691097020338	0.8
1990-06-05 07:30	0.8304220385377641	0.8
1990-06-06 07:30	1.6457631254407692	0.73
1990-06-07 07:30	0.7235071735278548	0.66
1990-06-08 07:30	1.4318139191334693	0.8
1990-06-09 07:30	0.9554912409692337	0.73
1990-06-10 07:30	2.020478109646118	0.93
1990-06-11 07:30	0.8588373796432333	1.26
1990-06-12 07:30	3.2606159553921232	1.2
1990-06-13 07:30	0.7471885202896129	1.06
1990-06-14 07:30	2.855975881191147	1.06
1990-06-15 07:30	0.7654940126519633	1.0
1990-06-16 07:30	2.5637390166362986	0.93
1990-06-17 07:30	0.6810597910072079	0.93
1990-06-18 07:30	2.23045294447358	0.93
1990-06-19 07:30	0.5925220181762709	0.93
1990-06-20 07:30	1.9467340616920144	0.93
1990-06-21 07:30	0.6023341558133557	0.93
1990-06-22 07:30	2.0597386336720525	1.06
1990-06-23 07:30	0.6316707155576196	1.0
1990-06-24 07:30	2.3582526112946858	0.93
1990-06-25 07:30	0.846993522535129	0.93
1990-06-26 07:30	2.0516797718263766	0.8
1990-06-27 07:30	0.7368843646055623	0.8
1990-06-28 07:30	1.7849614014889477	0.8
1990-06-29 07:30	0.9541293972068392	0.8
1990-06-30 07:30	1.5529164192953844	1.0
1990-07-01 07:30	1.60125257556995	0.93
1990-07-02 07:30	1.6869572847869845	0.93
1990-07-03 07:30	1.4383297407458566	0.93
1990-07-04 07:30	1.4676528377646765	0.93
1990-07-05 07:30	1.6855468744488953	1.0
1990-07-06 07:30	1.2903779688552683	1.0
1990-07-07 07:30	2.1757057807705387	1.0
1990-07-08 07:30	1.5989488329040833	1.06
1990-07-09 07:30	2.064464029270369	1.06
1990-07-10 07:30	1.5808854846265525	1.0
1990-07-11 07:30	2.262003705465221	1.0
1990-07-12 07:30	1.6707303716251007	1.0
1990-07-13 07:30	1.9679432237547423	1.0
1990-07-14 07:30	1.4535354233138376	1.0
1990-07-15 07:30	1.7121106046666257	1.0
1990-07-16 07:30	1.2645758182830387	0.93
1990-07-17 07:30	1.4895362260599643	0.93
1990-07-18 07:30	1.1131809619062436	0.93
1990-07-19 07:30	1.315136516672169	0.93
1990-07-20 07:30	0.979387436858432	0.93
1990-07-21 07:30	1.1441687695047869	0.93
1990-07-22 07:30	0.8520670700668358	1.0
1990-07-23 07:30	0.9954268294691646	1.0
1990-07-24 07:30	0.7412983509581471	1.0
1990-07-25 07:30	0.8660213416381732	1.0
1990-07-26 07:30	0.6449295653335879	1.0
1990-07-27 07:30	0.7534385672252107	1.0
1990-07-28 07:30	0.5610887218402215	1.0
1990-07-29 07:30	0.6554915534859334	0.93
1990-07-30 07:30	0.48814718800099266	0.8
1990-07-31 07:30	0.570277651532762	0.8
1990-08-01 07:30	0.42468805356086364	0.8
1990-08-02 07:30	0.496141556833503	0.8
1990-08-03 07:30	0.3694786065979514	0.8
1990-08-04 07:30	0.4316431544451476	0.8
1990-08-05 07:30	0.3214463877402177	0.8
1990-08-06 07:30	0.3755295443672784	0.8
1990-08-07 07:30	0.4590583573339895	0.8
1990-08-08 07:30	0.4114707035995322	0.8
1990-08-09 07:30	0.39938077088057083	0.73
1990-08-10 07:30	0.357979512131593	0.66
1990-08-11 07:30	0.34746127066609667	0.66
1990-08-12 07:30	0.3114421755544859	0.66
1990-08-13 07:30	0.30229130547950406	0.66
1990-08-14 07:30	0.27095469273240275	0.66
1990-08-15 07:30	0.3004334357671685	0.73
1990-08-16 07:30	0.5149705826771904	0.8
1990-08-17 07:30	0.2613770891174366	0.73
1990-08-18 07:30	0.9555444069291555	0.73
1990-08-19 07:30	0.2689980675321698	0.73
1990-08-20 07:30	1.2275636340283655	0.8
1990-08-21 07:30	0.24182831875298774	0.73
1990-08-22 07:30	1.680540361604678	0.66
1990-08-23 07:30	1.1453506373150995	0.66
1990-08-24 07:30	1.4631101145960697	0.66
1990-08-25 07:30	1.0250550544641364	0.66
1990-08-26 07:30	1.2729057996985806	0.66
1990-08-27 07:30	0.9276778973837987	0.66
1990-08-28 07:30	1.1188680457377649	0.66
1990-08-29 07:30	0.8070797707239049	0.66
1990-08-30 07:30	1.0144951997918557	0.66
1990-08-31 07:30	0.7021594005297972	0.8
1990-09-01 07:30	0.9143308238189144	0.93
1990-09-02 07:30	1.7990786784609236	0.8
1990-09-03 07:30	1.0715878167224555	0.73
1990-09-04 07:30	1.6177184502610034	0.73
1990-09-05 07:30	1.2786014005485364	0.8
1990-09-06 07:30	1.822895051727073	0.8
1990-09-07 07:30	1.2049432184772266	0.8
1990-09-08 07:30	1.8734786950025535	0.8
1990-09-09 07:30	1.6187406000751874	0.8
1990-09-10 07:30	2.0079664646522213	1.0
1990-09-11 07:30	1.5133443220654132	1.2
1990-09-12 07:30	2.9954508242474325	1.0
1990-09-13 07:30	1.6150895601969095	0.93
1990-09-14 07:30	2.6060422170952666	0.93
1990-09-15 07:30	1.4051279173713114	0.93
1990-09-16 07:30	2.267256728872882	0.93
1990-09-17 07:30	1.2224612881130408	0.93
1990-09-18 07:30	1.9725133541194075	0.93
1990-09-19 07:30	1.4155813206583456	0.73
1990-09-20 07:30	1.8601266180838847	0.73
1990-09-21 07:30	1.2315557489727607	0.73
1990-09-22 07:30	1.6333901577329797	0.8
1990-09-23 07:30	1.6398135016063018	0.8
1990-09-24 07:30	1.8032494372276924	0.8
1990-09-25 07:30	1.8998377463974827	0.8
1990-09-26 07:30	1.6691870103880924	0.93
1990-09-27 07:30	2.10629883936581	0.93
1990-09-28 07:30	1.4755926990376402	0.8
1990-09-29 07:30	1.8423599902482548	0.8
1990-09-30 07:30	1.2837656481627469	0.8
1990-10-01 07:30	1.6439331915159818	1.0
1990-10-02 07:30	2.4709561139015896	0.73
1990-10-03 07:30	1.6226218766189042	1.0
1990-10-04 07:30	2.149731819094383	1.4
1990-10-05 07:30	1.4153210326584467	1.4
1990-10-06 07:30	2.053306682612113	1.4
1990-10-07 07:30	1.3171292984128486	1.4
1990-10-08 07:30	1.8529368138725386	1.2
1990-10-09 07:30	1.1864624896191782	1.06
1990-10-10 07:30	1.6203750280691085	1.0
1990-10-11 07:30	1.032222365968685	1.0
1990-10-12 07:30	1.4097262744201244	1.0
1990-10-13 07:30	0.8980334583927561	0.93
1990-10-14 07:30	1.226461858745508	0.8
1990-10-15 07:30	0.7812891088016978	0.8
1990-10-16 07:30	1.067021817108592	0.8
1990-10-17 07:30	0.679721524657477	0.8
1990-10-18 07:30	0.928308980884475	0.73
1990-10-19 07:30	0.591357726452005	0.73
1990-10-20 07:30	0.8076288133694932	0.66
1990-10-21 07:30	0.5144812220132443	0.66
1990-10-22 07:30	0.8118370676314591	0.66
1990-10-23 07:30	0.4475986631515226	0.66
1990-10-24 07:30	0.7062982488393694	0.66
1990-10-25 07:30	0.3894108369418246	0.66
1990-10-26 07:30	0.6144794764902515	0.66
1990-10-27 07:30	0.3387874281393874	0.66
1990-10-28 07:30	0.5579971445465187	0.53
1990-10-29 07:30	0.32074506248126705	0.8
1990-10-30 07:30	1.8260175157554717	0.93
1990-10-31 07:30	1.1261282043587024	1.06
1990-11-01 07:30	1.7841552387072601	1.06
1990-11-02 07:30	1.3504915377920712	1.26
1990-11-03 07:30	1.8168950576753162	1.4
1990-11-04 07:30	1.7198876378791021	1.66
1990-11-05 07:30	2.2078187001775254	1.46
1990-11-06 07:30	2.5924622449548185	1.46
1990-11-07 07:30	1.9868422691544472	1.4
1990-11-08 07:30	2.4176821531106922	1.2
1990-11-09 07:30	1.728552774164369	1.26
1990-11-10 07:30	2.104423473206302	1.4
1990-11-11 07:30	1.503840913523001	1.46
1990-11-12 07:30	1.9774884216894828	1.6
1990-11-13 07:30	1.4893015947650108	1.66
1990-11-14 07:30	1.7214549268698498	1.79
1990-11-15 07:30	1.4579323874455596	2.13
1990-11-16 07:30	1.9708657863767696	2.13
1990-11-17 07:30	1.3089611770776368	2.66
1990-11-18 07:30	2.0068932341477894	5.38
1990-11-19 07:30	2.4725962240575443	5.38
1990-11-20 07:30	2.5649971137085767	6.05
1990-11-21 07:30	2.8515987149300637	10.63
1990-11-22 07:30	3.2975474889264618	7.71
1990-11-23 07:30	2.4808908819891555	5.72
1990-11-24 07:30	3.2583463153660217	4.79
1990-11-25 07:30	2.640935067330566	4.32
1990-11-26 07:30	2.834761294368439	3.72
1990-11-27 07:30	2.2996935085775916	3.19
1990-11-28 07:30	2.466242326100542	2.79
1990-11-29 07:30	2.0423333524625047	2.53
1990-11-30 07:30	2.214790823707472	2.26
1990-12-01 07:30	2.2354700166423793	1.99
1990-12-02 07:30	2.1151080166255003	1.79
1990-12-03 07:30	2.0067389144788703	1.66
1990-12-04 07:30	1.9935439744641854	1.6
1990-12-05 07:30	1.8524628555966172	1.6
1990-12-06 07:30	2.2569832577838413	1.46
1990-12-07 07:30	1.615802684369057	1.4
1990-12-08 07:30	1.963575434271942	1.4
1990-12-09 07:30	1.4057483354010796	1.26
1990-12-10 07:30	1.7083106278165896	1.2
1990-12-11 07:30	1.2230010517989391	1.2
1990-12-12 07:30	1.872590246200433	1.2
1990-12-13 07:30	1.624050915065077	1.0
1990-12-14 07:30	2.402393514194377	1.0
1990-12-15 07:30	1.5138042961066172	1.0
1990-12-16 07:30	2.283002357349108	0.93
1990-12-17 07:30	1.3721297376127568	0.93
1990-12-18 07:30	2.1593720508937237	0.8
1990-12-19 07:30	1.2109128717230986	0.8
1990-12-20 07:30	1.8791736842775395	0.8
1990-12-21 07:30	1.232894198399096	0.8
1990-12-22 07:30	2.4762411053214595	0.8
1990-12-23 07:30	1.2540979526072136	0.8
1990-12-24 07:30	2.2489697616296698	0.93
1990-12-25 07:30	1.1077052187682757	0.93
1990-12-26 07:30	1.9659636926178128	0.93
1990-12-27 07:30	1.0354635403283998	0.93
1990-12-28 07:30	2.3468684125774972	0.93
1990-12-29 07:30	1.2435332800857077	1.2
1990-12-30 07:30	2.1556555189424227	3.39
1990-12-31 07:30	1.8249539536745658	3.72
1991-01-01 07:30	1.8759403014799079	3.92
1991-01-02 07:30	1.7905099396968724	3.92
1991-01-03 07:30	2.04494806228752	7.24
1991-01-04 07:30	2.284703647536279	19.34
1991-01-05 07:30	3.003184814190142	20.14
1991-01-06 07:30	2.886252173356563	13.96
1991-01-07 07:30	3.0006907883454237	9.44
1991-01-08 07:30	2.66547939082021	7.24
1991-01-09 07:30	2.822240985860519	7.24
1991-01-10 07:30	2.403727070013583	8.24
1991-01-11 07:30	2.8198696576986517	11.83
1991-01-12 07:30	2.6752025509118167	12.49
1991-01-13 07:30	2.7918066021978265	10.63
1991-01-14 07:30	2.388786219293281	8.84
1991-01-15 07:30	2.4787917439121094	7.24
1991-01-16 07:30	2.0782440107851543	6.45
1991-01-17 07:30	2.156548817203535	5.72
1991-01-18 07:30	1.8080722893830845	5.05
1991-01-19 07:30	1.8761974709670755	4.32
1991-01-20 07:30	1.5730228917632836	3.72
1991-01-21 07:30	1.6322917997413555	3.39
1991-01-22 07:30	1.4688899158340567	2.92
1991-01-23 07:30	1.4908138657749792	2.66
1991-01-24 07:30	1.2779342267756293	2.53
1991-01-25 07:30	1.297008063224232	2.39
1991-01-26 07:30	1.1138827772947975	2.26
1991-01-27 07:30	1.1294370150050816	1.99
1991-01-28 07:30	0.9690780162464738	1.93
1991-01-29 07:30	0.984170203054421	1.93
1991-01-30 07:30	0.8430978741344322	1.66
1991-01-31 07:30	0.8567480766573462	1.6
1991-02-01 07:30	0.7334951504969559	1.46
1991-02-02 07:30	0.7453708266918913	1.26
1991-02-03 07:30	0.6381407809323517	1.26
1991-02-04 07:30	0.6484726192219454	1.26
1991-02-05 07:30	0.555182479411146	1.26
1991-02-06 07:30	0.5782111787230925	1.2
1991-02-07 07:30	0.6332887570876969	1.2
1991-02-08 07:30	0.6039237254890905	1.2
1991-02-09 07:30	0.6164812186662965	1.2
1991-02-10 07:30	0.6184936411755088	1.2
1991-02-11 07:30	0.7796986602396778	1.06
1991-02-12 07:30	0.9213294678226926	1.0
1991-02-13 07:30	0.8312178344085197	1.0
1991-02-14 07:30	0.9533966370057426	1.0
1991-02-15 07:30	0.9358395159354123	1.0
1991-02-16 07:30	1.1055750741949961	1.0
1991-02-17 07:30	1.8541803788638085	1.0
1991-02-18 07:30	1.1417703145496465	1.0
1991-02-19 07:30	1.6162569296115132	0.8
1991-02-20 07:30	0.9933401736581925	0.8
1991-02-21 07:30	1.4061435287620165	0.8
1991-02-22 07:30	0.8642059510826274	0.8
1991-02-23 07:30	1.2233448700229546	0.8
1991-02-24 07:30	0.897459177441886	0.8
1991-02-25 07:30	1.1948300369199705	0.8
1991-02-26 07:30	0.7818294843744408	0.8
1991-02-27 07:30	1.0395021321203741	0.8
1991-02-28 07:30	0.6801916514057634	0.8
1991-03-01 07:30	0.9048868549447255	0.73
1991-03-02 07:30	0.5917667367230142	0.73
1991-03-03 07:30	0.7872515638019113	0.73
1991-03-04 07:30	0.6302770609490224	0.73
1991-03-05 07:30	0.6875088605076627	0.73
1991-03-06 07:30	0.5483410430256495	0.8
1991-03-07 07:30	0.6246527086416666	0.93
1991-03-08 07:30	0.483296707432315	0.93
1991-03-09 07:30	0.5434478565182499	0.93
1991-03-10 07:30	0.42046813546611406	1.2
1991-03-11 07:30	0.6173596351708773	1.4
1991-03-12 07:30	0.36580727785551925	1.4
1991-03-13 07:30	0.5391828825986633	1.4
1991-03-14 07:30	0.31825233173430173	1.46
1991-03-15 07:30	0.4690891078608371	1.46
1991-03-16 07:30	0.2768795286088425	1.46
1991-03-17 07:30	0.4954675238389283	1.6
1991-03-18 07:30	0.24088518988969299	1.66
1991-03-19 07:30	0.43105674573986763	2.13
1991-03-20 07:30	0.2095701152040329	4.32
1991-03-21 07:30	1.7166193687936848	4.32
1991-03-22 07:30	0.5068060002275088	4.32
1991-03-23 07:30	1.9286988508505059	4.32
1991-03-24 07:30	0.4627612201979326	3.92
1991-03-25 07:30	1.6779680002399402	3.52
1991-03-26 07:30	0.48892226157220137	3.06
1991-03-27 07:30	1.472832160208748	2.66
1991-03-28 07:30	0.4253623675678152	2.39
1991-03-29 07:30	1.2813639793816107	2.26
1991-03-30 07:30	0.3851452597839992	2.13
1991-03-31 07:30	1.1366266620620011	1.93
1991-04-01 07:30	0.33507637601207935	1.79
1991-04-02 07:30	0.9888651959939411	1.79
1991-04-03 07:30	0.5052364471305091	1.66
1991-04-04 07:30	0.8613527205147288	1.66
1991-04-05 07:30	0.43955570900354285	1.6
1991-04-06 07:30	0.771216866847814	1.46
1991-04-07 07:30	0.3824134668330823	1.4
1991-04-08 07:30	0.6709586741575981	1.26
1991-04-09 07:30	0.5230197161447817	1.26
1991-04-10 07:30	0.8270940465171104	1.26
1991-04-11 07:30	0.45606715304596	1.06
1991-04-12 07:30	0.719571820469886	1.06
1991-04-13 07:30	0.39677842314998524	1.06
1991-04-14 07:30	0.6260274838088008	1.06
1991-04-15 07:30	0.3451972281404872	1.0
1991-04-16 07:30	0.5446439109136567	1.0
1991-04-17 07:30	0.30032158848222384	1.0
1991-04-18 07:30	0.5315602024948815	1.0
1991-04-19 07:30	0.7849197819795348	1.0
1991-04-20 07:30	0.5742573761705468	1.0
1991-04-21 07:30	0.8466802103221953	1.0
1991-04-22 07:30	0.7330839172683757	1.0
1991-04-23 07:30	0.78861178298031	1.0
1991-04-24 07:30	1.2051030080234868	1.0
1991-04-25 07:30	0.8082922511928696	1.0
1991-04-26 07:30	1.2600796169804334	1.0
1991-04-27 07:30	0.7874542585377966	1.0
1991-04-28 07:30	1.096789266772977	1.0
1991-04-29 07:30	0.685085204927883	1.0
1991-04-30 07:30	1.25736666209249	1.0
1991-05-01 07:30	0.6173441282872582	1.99
1991-05-02 07:30	2.388708996020466	1.79
1991-05-03 07:30	0.6993293916099146	1.66
1991-05-04 07:30	2.1426568265378054	1.6
1991-05-05 07:30	0.6094565707006258	1.6
1991-05-06 07:30	1.8838714390878906	1.46
1991-05-07 07:30	0.5453072165095443	1.46
1991-05-08 07:30	1.6909681520064648	1.4
1991-05-09 07:30	0.49105727836330354	1.4
1991-05-10 07:30	1.4711422922456245	1.4
1991-05-11 07:30	0.42721983217607407	1.4
1991-05-12 07:30	1.3714137942536935	1.4
1991-05-13 07:30	0.6264812539931846	1.26
1991-05-14 07:30	1.1957300010007132	1.2
1991-05-15 07:30	0.6765986909740704	1.2
1991-05-16 07:30	1.4822851008706206	1.2
1991-05-17 07:30	1.1492008611474414	1.06
1991-05-18 07:30	1.3036280377574399	1.0
1991-05-19 07:30	1.009164749198274	1.0
1991-05-20 07:30	1.1487163928489728	1.0
1991-05-21 07:30	0.8779733318024983	1.0
1991-05-22 07:30	1.0201832617786062	1.0
1991-05-23 07:30	0.8007567986681735	1.0
1991-05-24 07:30	0.8875594377473874	1.0
1991-05-25 07:30	0.787138414841311	1.0
1991-05-26 07:30	0.8194967108402271	1.0
1991-05-27 07:30	1.1122504209119406	1.0
1991-05-28 07:30	0.7535221384309976	0.93
1991-05-29 07:30	0.9676578661933883	0.93
1991-05-30 07:30	0.6555642604349678	0.93
1991-05-31 07:30	0.8798223435882478	0.93
1991-06-01 07:30	0.5703409065784221	0.93
1991-06-02 07:30	0.7654454389217757	0.93
1991-06-03 07:30	0.4961965887232272	0.8
1991-06-04 07:30	0.6685375318619448	0.8
1991-06-05 07:30	0.5642910321892076	0.8
1991-06-06 07:30	0.684587652719892	0.8
1991-06-07 07:30	0.49093319800461066	0.8
1991-06-08 07:30	0.711031257866306	0.8
1991-06-09 07:30	0.6392718822640113	0.8
1991-06-10 07:30	0.9207171943436862	0.8
1991-06-11 07:30	0.8988465375696899	0.8
1991-06-12 07:30	1.047503959079007	0.8
1991-06-13 07:30	0.8246364876856302	0.8
1991-06-14 07:30	1.326808444398736	0.73
1991-06-15 07:30	0.9186737442864983	0.73
1991-06-16 07:30	1.3748033466269003	0.73
1991-06-17 07:30	0.8060061575292534	0.73
1991-06-18 07:30	1.3806789115654035	1.0
1991-06-19 07:30	1.6159053570504507	0.8
1991-06-20 07:30	1.5683106530619009	0.73
1991-06-21 07:30	1.515037660633892	0.73
1991-06-22 07:30	1.3987502681638537	0.73
1991-06-23 07:30	1.3316027647514859	0.8
1991-06-24 07:30	1.7207927333025528	0.8
1991-06-25 07:30	1.4486544053337929	0.8
1991-06-26 07:30	1.941689677973221	0.93
1991-06-27 07:30	1.3549693326403998	0.93
1991-06-28 07:30	2.222270019836702	2.26
1991-06-29 07:30	2.673303319397148	2.66
1991-06-30 07:30	2.4549349172579307	2.39
1991-07-01 07:30	2.3273338878755183	1.99
1991-07-02 07:30	2.1357933780144	1.93
1991-07-03 07:30	2.024780482451701	1.66
1991-07-04 07:30	1.8581402388725279	1.6
1991-07-05 07:30	1.7750790197329798	1.6
1991-07-06 07:30	1.6165820078190993	1.6
1991-07-07 07:30	1.5443187471676925	1.46
1991-07-08 07:30	1.4064263468026164	1.4
1991-07-09 07:30	1.3435573100358924	1.26
1991-07-10 07:30	1.2428309217182762	1.26
1991-07-11 07:30	1.1688948597312265	1.26
1991-07-12 07:30	1.0812629018949003	1.2
1991-07-13 07:30	1.016938527966167	1.06
1991-07-14 07:30	0.9406987246485632	1.06
1991-07-15 07:30	1.1057365193305653	1.06
1991-07-16 07:30	0.9343678904442501	1.0
1991-07-17 07:30	0.9619907718175917	1.0
1991-07-18 07:30	0.8129000646864976	1.0
1991-07-19 07:30	1.4198519714813047	1.0
1991-07-20 07:30	0.9563030562772529	1.0
1991-07-21 07:30	1.235271215188735	1.0
1991-07-22 07:30	0.83198365896121	1.0
1991-07-23 07:30	1.0746859572141996	0.93
1991-07-24 07:30	0.7238257832962527	0.93
1991-07-25 07:30	0.9349767827763535	1.0
1991-07-26 07:30	0.8205684314677398	1.0
1991-07-27 07:30	0.9543498010154275	1.06
1991-07-28 07:30	1.0846545353769337	1.0
1991-07-29 07:30	0.8302843268834219	0.93
1991-07-30 07:30	0.9436494457779324	0.93
1991-07-31 07:30	0.722347364388577	0.8
1991-08-01 07:30	0.8209750178268012	0.8
1991-08-02 07:30	0.679402207018062	0.93
1991-08-03 07:30	0.960208265509317	0.8
1991-08-04 07:30	0.694559920105714	0.73
1991-08-05 07:30	0.8738611909931059	0.73
1991-08-06 07:30	0.6042671304919711	0.73
1991-08-07 07:30	0.7602592361640022	0.73
1991-08-08 07:30	0.525712403528015	0.73
1991-08-09 07:30	1.174145535462682	0.73
1991-08-10 07:30	0.5551297910693729	0.73
1991-08-11 07:30	1.0771466158525334	0.66
1991-08-12 07:30	0.6275229182303544	0.66
1991-08-13 07:30	1.113917555791704	0.66
1991-08-14 07:30	0.6790649388604083	0.66
1991-08-15 07:30	0.9691082735387825	0.66
1991-08-16 07:30	0.5907864968085552	0.66
1991-08-17 07:30	0.8431241979787408	0.66
1991-08-18 07:30	0.513984252223443	0.66
1991-08-19 07:30	0.8156780522415045	0.73
1991-08-20 07:30	0.5506462994343954	0.73
1991-08-21 07:30	0.7397999054501089	0.73
1991-08-22 07:30	0.644942280507924	0.66
1991-08-23 07:30	0.6436259177415947	0.53
1991-08-24 07:30	0.5610997840418939	0.53
1991-08-25 07:30	0.8397145484351874	0.53
1991-08-26 07:30	0.4881568121164477	0.53
1991-08-27 07:30	0.730551657138613	0.53
1991-08-28 07:30	0.42469642654130946	0.53
1991-08-29 07:30	0.6355799417105933	0.53
1991-08-30 07:30	0.3824858910909393	0.53
1991-08-31 07:30	0.5529545492882162	0.53
1991-09-01 07:30	0.33276272524911715	0.53
1991-09-02 07:30	0.4810704578807481	0.53
1991-09-03 07:30	0.28950357096673196	0.53
1991-09-04 07:30	0.41853129835625086	0.53
1991-09-05 07:30	0.2518681067410568	0.53
1991-09-06 07:30	0.3641222295699382	0.47
1991-09-07 07:30	0.2768452528647194	0.47
1991-09-08 07:30	0.31678633972584624	0.47
1991-09-09 07:30	0.49253536999230585	0.47
1991-09-10 07:30	0.3192841155614862	0.47
1991-09-11 07:30	0.4285057718933061	0.47
1991-09-12 07:30	0.277777180538493	0.47
1991-09-13 07:30	0.3728000215471763	0.47
1991-09-14 07:30	0.2416661470684889	0.47
1991-09-15 07:30	0.32433601874604334	0.47
1991-09-16 07:30	0.21024954794958536	0.47
1991-09-17 07:30	0.3632923363090577	0.66
1991-09-18 07:30	0.7980771067161393	0.53
1991-09-19 07:30	0.3171043325888802	0.53
1991-09-20 07:30	0.6943270828430412	0.53
1991-09-21 07:30	0.2857607693523258	0.53
1991-09-22 07:30	0.6040645620734458	0.53
1991-09-23 07:30	0.24861186933652343	0.53
1991-09-24 07:30	1.3070961690038978	0.53
1991-09-25 07:30	0.3452523263227754	0.53
1991-09-26 07:30	1.2099736670333912	0.53
1991-09-27 07:30	0.3019295239008146	0.53
1991-09-28 07:30	1.2773170903190503	0.53
1991-09-29 07:30	0.37083868579370877	0.53
1991-09-30 07:30	1.1180258685775737	0.53
1991-10-01 07:30	0.3699496566405266	0.53
1991-10-02 07:30	1.6440025056624892	0.53
1991-10-03 07:30	0.8116962012772582	0.53
1991-10-04 07:30	1.6039621799263655	0.53
1991-10-05 07:30	0.7061756951112146	0.53
1991-10-06 07:30	1.404287096535938	0.53
1991-10-07 07:30	0.6180128547467566	0.53
1991-10-08 07:30	1.409969773986266	0.53
1991-10-09 07:30	0.5376711836296783	0.53
1991-10-10 07:30	1.2266737033680515	0.47
1991-10-11 07:30	0.4677739297578201	0.47
1991-10-12 07:30	1.0672061219302047	0.47
1991-10-13 07:30	0.4069633188893035	0.47
1991-10-14 07:30	1.047549326079278	0.47
1991-10-15 07:30	0.487698087433694	0.47
1991-10-16 07:30	0.9113679136889719	0.47
1991-10-17 07:30	0.4242973360673138	0.53
1991-10-18 07:30	1.1262100849094054	0.66
1991-10-19 07:30	0.983258682378563	0.53
1991-10-20 07:30	1.1732427738711828	0.53
1991-10-21 07:30	1.20435505366935	0.53
1991-10-22 07:30	1.033201213267929	0.53
1991-10-23 07:30	1.0815888966923344	0.53
1991-10-24 07:30	1.0049650555430982	0.53
1991-10-25 07:30	1.1531423401223309	0.53
1991-10-26 07:30	0.9611595983224954	0.53
1991-10-27 07:30	1.065633835906428	0.53
1991-10-28 07:30	0.8367288505405709	0.53
1991-10-29 07:30	0.9276214372385923	0.53
1991-10-30 07:30	0.7279540999702967	0.53
1991-10-31 07:30	0.8075506503975751	0.53
1991-11-01 07:30	0.6333200669741581	0.47
1991-11-02 07:30	0.7025690658458904	0.47
1991-11-03 07:30	0.6055884582675176	0.47
1991-11-04 07:30	0.8488750872859248	0.66
1991-11-05 07:30	0.9439019586927404	0.73
1991-11-06 07:30	1.1082413259387545	0.8
1991-11-07 07:30	1.696354704062684	1.2
1991-11-08 07:30	1.8284099535667167	3.92
1991-11-09 07:30	4.021228592534535	5.72
1991-11-10 07:30	2.6135566596030437	4.52
1991-11-11 07:30	4.060068875505046	3.39
1991-11-12 07:30	2.4131542938546477	3.52
1991-11-13 07:30	4.69289992168939	4.12
1991-11-14 07:30	2.3719242356535433	5.38
1991-11-15 07:30	4.61998293186977	5.05
1991-11-16 07:30	2.200854085018583	4.52
1991-11-17 07:30	4.0641051507267	3.72
1991-11-18 07:30	1.914743053966167	3.19
1991-11-19 07:30	3.536291481132229	2.92
1991-11-20 07:30	1.7807464569505655	2.79
1991-11-21 07:30	3.206053588585039	2.39
1991-11-22 07:30	1.572129417546992	2.39
1991-11-23 07:30	2.789266622068984	2.26
1991-11-24 07:30	1.3771125932658828	1.99
1991-11-25 07:30	2.4547419612000163	1.93
1991-11-26 07:30	1.198087956141318	1.93
1991-11-27 07:30	2.1496655062440144	1.79
1991-11-28 07:30	1.0428565218429466	1.66
1991-11-29 07:30	1.8748889904322923	1.6
1991-11-30 07:30	0.9088451740033635	1.6
1991-12-01 07:30	1.632193421676094	1.46
1991-12-02 07:30	0.7917353013829264	1.46
1991-12-03 07:30	1.4200082768582019	1.4
1991-12-04 07:30	0.6898497122031458	1.4
1991-12-05 07:30	1.2452872008666358	1.26
1991-12-06 07:30	0.7228892496167368	1.26
1991-12-07 07:30	1.1697198647539728	1.26
1991-12-08 07:30	0.7604736471665612	1.2
1991-12-09 07:30	1.0602962823359565	1.2
1991-12-10 07:30	0.7411720730349082	1.2
1991-12-11 07:30	0.9224577656322821	1.06
1991-12-12 07:30	0.6448197035403701	1.06
1991-12-13 07:30	0.8025382561000853	1.06
1991-12-14 07:30	0.5615131420801219	1.0
1991-12-15 07:30	0.6987282828070742	0.93
1991-12-16 07:30	0.4895564336097061	0.93
1991-12-17 07:30	0.6084136060421544	0.93
1991-12-18 07:30	0.5616340972404443	1.2
1991-12-19 07:30	1.4580398372566743	1.66
1991-12-20 07:30	1.4194216645991866	6.45
1991-12-21 07:30	4.045814658413307	5.05
1991-12-22 07:30	1.4345768482012924	5.05
1991-12-23 07:30	5.258738752819577	11.23
1991-12-24 07:30	1.9625618579351245	11.23
1991-12-25 07:30	4.9027027149530324	7.24
1991-12-26 07:30	2.062588816403558	5.72
1991-12-27 07:30	4.462431362009139	5.72
1991-12-28 07:30	3.5120122702710956	4.79
1991-12-29 07:30	3.92599528494795	4.32
1991-12-30 07:30	3.055450675135853	4.12
1991-12-31 07:30	3.4624158979047164	3.92
1992-01-01 07:30	2.6587620873681925	3.19
1992-01-02 07:30	3.0123018311771035	2.79
1992-01-03 07:30	2.3131230160103273	2.66
1992-01-04 07:30	2.6207025931240797	2.66
1992-01-05 07:30	2.0124170239289847	3.72
1992-01-06 07:30	3.615371256017949	9.44
1992-01-07 07:30	3.487082810818217	10.63
1992-01-08 07:30	3.371572992735616	9.44
1992-01-09 07:30	3.035322045411849	7.24
1992-01-10 07:30	3.179228503679986	6.45
1992-01-11 07:30	2.9548101795083084	5.72
1992-01-12 07:30	2.7778887982015874	5.05
1992-01-13 07:30	2.5873248561722284	4.79
1992-01-14 07:30	2.498923254435381	4.52
1992-01-15 07:30	2.343012624869839	4.12
1992-01-16 07:30	2.2395832313587816	3.72
1992-01-17 07:30	2.0384209836367595	3.19
1992-01-18 07:30	1.9848374112821399	3.06
1992-01-19 07:30	1.7739462557639807	2.79
1992-01-20 07:30	1.7767285478154617	2.53
1992-01-21 07:30	2.5984132425146633	2.39
1992-01-22 07:30	1.5956738365994516	2.13
1992-01-23 07:30	2.260619520987757	1.99
1992-01-24 07:30	1.388236237841523	1.93
1992-01-25 07:30	1.9682989832593487	1.79
1992-01-26 07:30	1.2093255269221248	1.79
1992-01-27 07:30	1.7139801154356333	1.79
1992-01-28 07:30	1.1155532084222486	1.79
1992-01-29 07:30	1.517162700429001	1.66
1992-01-30 07:30	0.9705312913273562	1.66
1992-01-31 07:30	1.3220115493732307	1.66
1992-02-01 07:30	0.8448822234547998	1.6
1992-02-02 07:30	1.1511900479547106	1.6
1992-02-03 07:30	0.7355675344056758	1.6
1992-02-04 07:30	1.0020553417205982	1.6
1992-02-05 07:30	0.944143754932938	1.6
1992-02-06 07:30	1.0787481472969205	1.6
1992-02-07 07:30	1.249365066791656	1.6
1992-02-08 07:30	0.9582708881483208	1.46
1992-02-09 07:30	1.0957876081087408	1.4
1992-02-10 07:30	0.8347356726890391	1.4
1992-02-11 07:30	1.0386152190546045	1.46
1992-02-12 07:30	1.1541800352394642	1.6
1992-02-13 07:30	1.329995240577506	2.13
1992-02-14 07:30	1.1476566306583338	2.79
1992-02-15 07:30	1.58245585930243	2.79
1992-02-16 07:30	1.0213412686727503	2.66
1992-02-17 07:30	1.6622165975931142	2.66
1992-02-18 07:30	1.347206903745293	2.39
1992-02-19 07:30	1.9193284399060095	2.26
1992-02-20 07:30	1.2635900062584047	2.13
1992-02-21 07:30	1.8668957427182284	2.13
1992-02-22 07:30	1.2407633054448122	1.99
1992-02-23 07:30	1.7489992961648586	1.93
1992-02-24 07:30	1.2006240757369866	1.93
1992-02-25 07:30	1.610549387663427	1.93
1992-02-26 07:30	1.0445429458911784	1.79
1992-02-27 07:30	1.4011779672671814	1.79
1992-02-28 07:30	0.9087523629253252	1.79
1992-02-29 07:30	1.219024831522448	1.79
1992-03-01 07:30	0.7911345557450329	1.79
1992-03-02 07:30	1.0610716034245296	1.93
1992-03-03 07:30	0.6882870634981786	1.93
1992-03-04 07:30	1.0786122949793406	1.99
1992-03-05 07:30	0.6076497452434153	1.99
1992-03-06 07:30	0.9383926966320264	2.13
1992-03-07 07:30	0.5364552783617713	2.39
1992-03-08 07:30	1.148161646069863	2.53
1992-03-09 07:30	0.4667160921747411	2.53
1992-03-10 07:30	0.9989006320807807	2.39
1992-03-11 07:30	0.4060430001920247	2.53
1992-03-12 07:30	1.0718435499102794	2.66
1992-03-13 07:30	0.8087774101670615	5.05
1992-03-14 07:30	1.958463888421943	8.24
1992-03-15 07:30	2.244916346845344	7.24
1992-03-16 07:30	2.1578235829270906	6.05
1992-03-17 07:30	2.089317221755449	5.38
1992-03-18 07:30	1.8991465171465687	4.79
1992-03-19 07:30	1.8177059829272404	4.32
1992-03-20 07:30	1.6522574699175145	3.92
1992-03-21 07:30	1.6308042051466993	4.79
1992-03-22 07:30	2.0313039988282378	5.38
1992-03-23 07:30	1.8171196584776286	5.72
1992-03-24 07:30	3.0750344789805673	5.72
1992-03-25 07:30	1.9064141028755368	5.38
1992-03-26 07:30	4.919079996713093	4.52
1992-03-27 07:30	2.3772202695017173	3.92
1992-03-28 07:30	4.334199597140392	3.39
1992-03-29 07:30	2.3900616344664942	3.06
1992-03-30 07:30	4.450393649512141	2.79
1992-03-31 07:30	2.1677536219858498	2.92
1992-04-01 07:30	3.8848424750755632	3.06
1992-04-02 07:30	1.8859456511276893	3.39
1992-04-03 07:30	4.4510129533157405	3.92
1992-04-04 07:30	1.7567327164810895	4.32
1992-04-05 07:30	3.8895412693846945	4.32
1992-04-06 07:30	1.528357463338548	3.92
1992-04-07 07:30	3.383900904364684	3.72
1992-04-08 07:30	1.3296709931045367	3.39
1992-04-09 07:30	2.943993786797275	3.39
1992-04-10 07:30	1.1568137640009468	3.39
1992-04-11 07:30	2.5612745945136295	3.52
1992-04-12 07:30	1.0064279746808238	4.12
1992-04-13 07:30	2.2283088972268574	5.05
1992-04-14 07:30	1.0539523379723168	5.38
1992-04-15 07:30	2.1071087405873663	5.38
1992-04-16 07:30	0.9304585340359157	5.38
1992-04-17 07:30	2.1301046043110086	4.79
1992-04-18 07:30	1.2530589246112467	4.52
1992-04-19 07:30	2.099151005750578	4.79
1992-04-20 07:30	1.6845212644117846	5.05
1992-04-21 07:30	1.8902213750030026	5.05
1992-04-22 07:30	1.4655335000382528	4.79
1992-04-23 07:30	1.6444925962526122	4.52
1992-04-24 07:30	1.4596141450332798	4.52
1992-04-25 07:30	1.6199885587397727	4.52
1992-04-26 07:30	1.2698643061789534	4.79
1992-04-27 07:30	1.4093900461036022	6.05
1992-04-28 07:30	1.2654619463756895	6.45
1992-04-29 07:30	1.407649340110134	6.05
1992-04-30 07:30	1.30895189334685	4.52
1992-05-01 07:30	1.3504949258958165	4.12
1992-05-02 07:30	1.1387881472117596	4.12
1992-05-03 07:30	1.4552105855293604	3.92
1992-05-04 07:30	1.3719056880742309	3.19
1992-05-05 07:30	1.2660332094105435	3.06
1992-05-06 07:30	1.193557948624581	2.79
1992-05-07 07:30	1.1014488921871728	2.53
1992-05-08 07:30	1.0383954153033854	2.26
1992-05-09 07:30	0.9717805362028403	2.26
1992-05-10 07:30	1.1155640113139453	2.66
1992-05-11 07:30	1.6103690664964714	2.53
1992-05-12 07:30	1.0735006898431325	2.66
1992-05-13 07:30	2.11446108785193	2.53
1992-05-14 07:30	0.9339456001635252	2.39
1992-05-15 07:30	1.839581146431179	2.26
1992-05-16 07:30	0.812532672142267	2.13
1992-05-17 07:30	1.6004355973951256	2.26
1992-05-18 07:30	0.7069034247637722	2.26
1992-05-19 07:30	1.3923789697337594	2.13
1992-05-20 07:30	0.6150059795444818	1.93
1992-05-21 07:30	1.2113697036683706	1.46
1992-05-22 07:30	0.5350552022036992	1.4
1992-05-23 07:30	1.1246116421914825	1.4
1992-05-24 07:30	0.4654980259172183	1.26
1992-05-25 07:30	0.9784121287065897	1.2
1992-05-26 07:30	0.4049832825479799	1.2
1992-05-27 07:30	0.851218551974733	1.2
1992-05-28 07:30	0.3523354558167425	1.06
1992-05-29 07:30	0.7405601402180177	1.26
1992-05-30 07:30	0.306531846560566	1.2
1992-05-31 07:30	0.6442873219896754	1.06
1992-06-01 07:30	0.2666827065076924	1.26
1992-06-02 07:30	0.5605299701310176	1.4
1992-06-03 07:30	0.24553395466169237	1.6
1992-06-04 07:30	0.7409010740139853	1.93
1992-06-05 07:30	2.3461345405556724	1.6
1992-06-06 07:30	1.0085839343921672	1.66
1992-06-07 07:30	2.8211370502834354	1.6
1992-06-08 07:30	1.2128680229211855	1.46
1992-06-09 07:30	2.6987892337465884	1.46
1992-06-10 07:30	1.3131151799414316	1.4
1992-06-11 07:30	2.384866633359532	1.2
1992-06-12 07:30	1.1424102065490453	1.06
1992-06-13 07:30	2.0815939710227926	1.06
1992-06-14 07:30	1.0755368796976692	1.06
1992-06-15 07:30	1.8109867547898297	1.06
1992-06-16 07:30	0.9357170853369723	1.2
1992-06-17 07:30	1.5755584766671518	1.2
1992-06-18 07:30	0.898313864243166	1.2
1992-06-19 07:30	1.370735874700422	1.6
1992-06-20 07:30	1.6478530618915543	1.4
1992-06-21 07:30	1.533140210989367	2.13
1992-06-22 07:30	2.9005521638456524	1.79
1992-06-23 07:30	1.3541119835607494	1.66
1992-06-24 07:30	2.5234803825457175	1.79
1992-06-25 07:30	2.090677425697852	1.79
1992-06-26 07:30	2.2063479328147744	1.79
1992-06-27 07:30	1.8188893603571312	1.66
1992-06-28 07:30	1.9195227015488536	1.66
1992-06-29 07:30	1.582433743510704	1.6
1992-06-30 07:30	1.6699847503475027	1.6
1992-07-01 07:30	1.3767173568543127	1.46
1992-07-02 07:30	1.4528867328023274	1.4
1992-07-03 07:30	1.197744100463252	1.4
1992-07-04 07:30	1.2874114575380249	1.4
1992-07-05 07:30	1.2578373674030292	1.6
1992-07-06 07:30	1.3634079680580817	3.19
1992-07-07 07:30	3.713038509640636	3.19
1992-07-08 07:30	1.6234849322105311	3.39
1992-07-09 07:30	3.2407435033873533	2.92
1992-07-10 07:30	1.4124318910231621	2.66
1992-07-11 07:30	2.819446847946997	2.53
1992-07-12 07:30	1.3577757451901509	2.39
1992-07-13 07:30	2.8122387577138874	2.13
1992-07-14 07:30	1.3908248983154312	1.99
1992-07-15 07:30	2.503327719211082	2.13
1992-07-16 07:30	1.9156576615344252	1.93
1992-07-17 07:30	2.1778951157136412	1.79
1992-07-18 07:30	1.66662216553495	1.79
1992-07-19 07:30	2.442848750670868	1.66
1992-07-20 07:30	1.4499612840154066	1.66
1992-07-21 07:30	2.125278413083655	1.6
1992-07-22 07:30	1.2614663170934037	1.66
1992-07-23 07:30	2.45479221938278	1.6
1992-07-24 07:30	1.135955695871261	1.46
1992-07-25 07:30	2.1356692308630185	1.6
1992-07-26 07:30	1.3413614554079971	1.6
1992-07-27 07:30	1.973992230850826	1.46
1992-07-28 07:30	1.1669844662049575	1.46
1992-07-29 07:30	1.7236132408402187	1.4
1992-07-30 07:30	1.015276485598313	1.4
1992-07-31 07:30	1.49954351953099	1.46
1992-08-01 07:30	1.2691305424705324	1.4
1992-08-02 07:30	1.4564428619919614	1.4
1992-08-03 07:30	1.166023571949363	1.26
1992-08-04 07:30	1.2671052899330064	1.2
1992-08-05 07:30	1.578120507595946	1.2
1992-08-06 07:30	1.1023816022417157	1.2
1992-08-07 07:30	1.372964841608473	1.2
1992-08-08 07:30	0.9590719939502925	1.2
1992-08-09 07:30	1.1944794121993716	1.06
1992-08-10 07:30	0.8343926347367545	1.0
1992-08-11 07:30	1.0391970886134532	1.0
1992-08-12 07:30	0.7259215922209764	0.93
1992-08-13 07:30	0.9041014670937042	1.0
1992-08-14 07:30	0.8655517852322494	1.26
1992-08-15 07:30	1.9518882763715228	1.06
1992-08-16 07:30	1.157590053152057	1.06
1992-08-17 07:30	1.6981428004432249	1.06
1992-08-18 07:30	1.0071033462422896	1.06
1992-08-19 07:30	1.6042642363856054	1.0
1992-08-20 07:30	0.9245399112307919	1.06
1992-08-21 07:30	1.720189885655477	1.06
1992-08-22 07:30	1.375309722770789	1.0
1992-08-23 07:30	1.4965652005202648	1.06
1992-08-24 07:30	1.2828394588105865	1.06
1992-08-25 07:30	1.6706917244526303	1.0
1992-08-26 07:30	1.2294303291652102	1.0
1992-08-27 07:30	1.4535018002737883	1.0
1992-08-28 07:30	1.119524386373733	1.0
1992-08-29 07:30	1.2645465662381958	1.0
1992-08-30 07:30	0.9739862161451476	1.0
1992-08-31 07:30	1.1344755126272303	1.2
1992-09-01 07:30	0.8707680080462783	2.26
1992-09-02 07:30	3.482993695985691	1.66
1992-09-03 07:30	0.9416481670002622	1.99
1992-09-04 07:30	3.987004515507551	2.13
1992-09-05 07:30	0.947153905290228	2.13
1992-09-06 07:30	4.24297392849157	2.13
1992-09-07 07:30	1.2462638976024984	2.13
1992-09-08 07:30	3.693467317787665	1.99
1992-09-09 07:30	1.1622495909141737	1.93
1992-09-10 07:30	3.2133165664752688	1.93
1992-09-11 07:30	1.011157144095331	1.79
1992-09-12 07:30	2.841865412833484	1.79
1992-09-13 07:30	0.8807467153629379	1.6
1992-09-14 07:30	2.472422909165131	1.79
1992-09-15 07:30	0.766249642365756	1.79
1992-09-16 07:30	2.8431279309736643	1.6
1992-09-17 07:30	0.7857171888582077	1.46
1992-09-18 07:30	2.531761299947088	1.4
1992-09-19 07:30	0.6835739543066407	1.4
1992-09-20 07:30	2.2026323309539664	1.4
1992-09-21 07:30	0.6238293402467774	1.4
1992-09-22 07:30	1.9162901279299507	1.26
1992-09-23 07:30	0.5427315260146963	1.26
1992-09-24 07:30	1.6671724112990571	1.26
1992-09-25 07:30	0.5356164276327857	1.26
1992-09-26 07:30	1.4577199978301794	1.26
1992-09-27 07:30	0.4659862920405236	1.26
1992-09-28 07:30	1.268216398112256	1.26
1992-09-29 07:30	0.40540807407525553	1.26
1992-09-30 07:30	1.1033482663576626	1.26
1992-10-01 07:30	0.35270502444547225	1.2
1992-10-02 07:30	1.3462729917311664	1.2
1992-10-03 07:30	0.3281733712675609	1.2
1992-10-04 07:30	1.3750975028061148	1.2
1992-10-05 07:30	0.36351083300277803	1.2
1992-10-06 07:30	1.64197482744132	1.2
1992-10-07 07:30	0.3947744247124169	1.2
1992-10-08 07:30	1.4820780998739485	1.2
1992-10-09 07:30	0.47501374949980274	1.2
1992-10-10 07:30	1.289407946890335	1.2
1992-10-11 07:30	0.5437819620648283	1.2
1992-10-12 07:30	1.1228249137945912	1.2
1992-10-13 07:30	0.6327303069964006	1.2
1992-10-14 07:30	0.9768576750012944	1.2
1992-10-15 07:30	0.5504753670868686	1.2
1992-10-16 07:30	0.8737861772511261	1.26
1992-10-17 07:30	0.7331935693655757	1.26
1992-10-18 07:30	0.7726739742084797	1.26
1992-10-19 07:30	0.6378784053480508	1.2
1992-10-20 07:30	0.7455463575613774	1.06
1992-10-21 07:30	0.5549542126528042	1.0
1992-10-22 07:30	0.6486253310783984	1.06
1992-10-23 07:30	0.6429701650079397	1.2
1992-10-24 07:30	0.6360640380382065	1.4
1992-10-25 07:30	1.4777040435569078	1.46
1992-10-26 07:30	0.9548157130932396	4.12
1992-10-27 07:30	2.89968251789451	4.52
1992-10-28 07:30	1.5519296703911185	6.45
1992-10-29 07:30	3.185203790568224	7.71
1992-10-30 07:30	2.061018813240273	6.85
1992-10-31 07:30	3.0961272977943546	6.05
1992-11-01 07:30	1.7936063675190377	5.05
1992-11-02 07:30	2.6951907490810885	4.52
1992-11-03 07:30	1.5609575397415627	4.32
1992-11-04 07:30	2.949575951700547	3.92
1992-11-05 07:30	1.5379530595751596	3.39
1992-11-06 07:30	2.567171077979476	3.19
1992-11-07 07:30	1.3957391618303892	3.06
1992-11-08 07:30	2.2334388378421437	2.92
1992-11-09 07:30	1.3567730707924384	2.66
1992-11-10 07:30	1.9441317889226648	2.66
1992-11-11 07:30	1.1809125715894213	2.79
1992-11-12 07:30	1.9420346563627187	2.79
1992-11-13 07:30	1.7101539372827967	2.79
1992-11-14 07:30	2.080090151035565	2.79
1992-11-15 07:30	2.0234339254360334	2.79
1992-11-16 07:30	1.907438431400942	2.92
1992-11-17 07:30	2.2346275151293487	3.52
1992-11-18 07:30	1.9402714353188195	3.92
1992-11-19 07:30	3.3845259381625334	4.12
1992-11-20 07:30	2.1154761487273728	4.12
1992-11-21 07:30	3.3017775662014044	3.72
1992-11-22 07:30	2.033904249392814	6.05
1992-11-23 07:30	4.253666482595222	13.23
1992-11-24 07:30	2.6519366969717484	12.49
1992-11-25 07:30	3.8702098398578433	9.44
1992-11-26 07:30	2.3352649263654213	7.71
1992-11-27 07:30	3.887602560676324	6.45
1992-11-28 07:30	2.0732804859379166	5.72
1992-11-29 07:30	3.5382142277884014	5.05
1992-11-30 07:30	1.8354740227659876	4.79
1992-12-01 07:30	3.230606378175909	4.52
1992-12-02 07:30	1.625462399806409	3.92
1992-12-03 07:30	2.817387549013041	3.92
1992-12-04 07:30	2.092232287831576	4.32
1992-12-05 07:30	2.7360871676413456	5.05
1992-12-06 07:30	2.914842090413471	5.05
1992-12-07 07:30	2.380395835847971	4.52
1992-12-08 07:30	2.5359126186597196	4.32
1992-12-09 07:30	2.147384377187735	4.12
1992-12-10 07:30	2.2119639782339564	3.72
1992-12-11 07:30	1.8952644081533294	3.19
1992-12-12 07:30	2.061168661063542	3.06
1992-12-13 07:30	3.499560035093397	2.79
1992-12-14 07:30	2.2112967351252815	2.79
1992-12-15 07:30	3.8984572305312555	3.39
1992-12-16 07:30	1.9602281595589948	3.19
1992-12-17 07:30	3.391657790562192	3.06
1992-12-18 07:30	1.7053984988163255	2.92
1992-12-19 07:30	2.9507422777891072	2.92
1992-12-20 07:30	1.4909766939702032	2.79
1992-12-21 07:30	2.5967857816765236	2.79
1992-12-22 07:30	1.7313497237540767	2.79
1992-12-23 07:30	2.2805236300585756	2.79
1992-12-24 07:30	1.7875942596660466	2.79
1992-12-25 07:30	2.0802555581509607	2.79
1992-12-26 07:30	1.5552070059094605	2.79
1992-12-27 07:30	1.8098223355913357	2.66
1992-12-28 07:30	1.3530300951412304	2.66
1992-12-29 07:30	1.604185431964462	2.66
1992-12-30 07:30	1.1771361827728706	2.53
1992-12-31 07:30	1.3956413258090818	2.39
1993-01-01 07:30	1.0241084790123973	2.26
1993-01-02 07:30	1.2142079534539012	2.26
1993-01-03 07:30	0.8909743767407856	2.13
1993-01-04 07:30	1.056360919504894	1.99
1993-01-05 07:30	0.7751477077644835	1.99
1993-01-06 07:30	0.9190339999692578	1.99
1993-01-07 07:30	0.6764585057551007	2.13
1993-01-08 07:30	2.104239579973255	2.13
1993-01-09 07:30	0.9644789000069377	2.13
1993-01-10 07:30	2.1322884345767315	2.26
1993-01-11 07:30	1.275896643006036	6.45
1993-01-12 07:30	2.8347709380817565	18.54
1993-01-13 07:30	3.2633500794152512	13.23
1993-01-14 07:30	2.969610716131128	6.85
1993-01-15 07:30	2.9800345690912686	4.52
1993-01-16 07:30	2.6698813230340814	4.32
1993-01-17 07:30	2.5926300751094034	3.92
1993-01-18 07:30	2.329036751039651	3.72
1993-01-19 07:30	2.3049881653451805	3.52
1993-01-20 07:30	2.1942219734044963	3.39
1993-01-21 07:30	2.146779703850307	3.52
1993-01-22 07:30	2.549613116861912	3.72
1993-01-23 07:30	2.394458342349767	3.72
1993-01-24 07:30	2.6076434116698635	3.72
1993-01-25 07:30	2.428458757844297	3.52
1993-01-26 07:30	2.6279697681527816	3.39
1993-01-27 07:30	2.5895991193245385	3.19
1993-01-28 07:30	3.22701369829292	2.79
1993-01-29 07:30	2.3512312338123484	2.66
1993-01-30 07:30	4.10698191751484	2.53
1993-01-31 07:30	2.190651173416743	2.39
1993-02-01 07:30	3.573074268237911	2.13
1993-02-02 07:30	1.9058665208725667	2.13
1993-02-03 07:30	3.108574613366983	2.13
1993-02-04 07:30	1.658103873159133	1.79
1993-02-05 07:30	2.7044599136292753	1.79
1993-02-06 07:30	1.4425503696484459	1.79
1993-02-07 07:30	2.3528801248574696	1.66
1993-02-08 07:30	1.3517388215941477	1.66
1993-02-09 07:30	2.0470057086259983	1.66
1993-02-10 07:30	1.1760127747869085	1.6
1993-02-11 07:30	1.7808949665046185	1.46
1993-02-12 07:30	1.0231311140646104	1.46
1993-02-13 07:30	1.5493786208590181	1.46
1993-02-14 07:30	0.890124069236211	1.46
1993-02-15 07:30	1.3479594001473456	1.46
1993-02-16 07:30	0.7744079402355036	1.46
1993-02-17 07:30	1.1742846781281908	1.46
1993-02-18 07:30	1.1370549080048882	1.46
1993-02-19 07:30	1.164627669971526	1.46
1993-02-20 07:30	1.1088377699642527	1.4
1993-02-21 07:30	1.4307860728752275	1.4
1993-02-22 07:30	2.0171688598689	1.4
1993-02-23 07:30	1.740343883401448	1.4
1993-02-24 07:30	1.876616908085943	1.4
1993-02-25 07:30	1.6700991785592596	1.4
1993-02-26 07:30	1.6492967100347704	1.4
1993-02-27 07:30	1.4529862853465558	1.4
1993-02-28 07:30	1.4348881377302503	1.4
1993-03-01 07:30	1.4674180682515034	1.4
1993-03-02 07:30	1.2483526798253177	1.4
1993-03-03 07:30	1.278213719378808	1.4
1993-03-04 07:30	1.0860668314480264	1.4
1993-03-05 07:30	1.185365935859563	1.4
1993-03-06 07:30	1.1710781433597828	1.26
1993-03-07 07:30	1.2231483641978198	1.26
1993-03-08 07:30	1.3563179847230111	1.26
1993-03-09 07:30	1.207139076852103	1.26
1993-03-10 07:30	1.1799966467090195	1.26
1993-03-11 07:30	1.0502109968613298	1.4
1993-03-12 07:30	1.0265970826368471	1.4
1993-03-13 07:30	0.913683567269357	1.4
1993-03-14 07:30	0.8931394618940569	1.4
1993-03-15 07:30	0.7949047035243405	1.4
1993-03-16 07:30	0.7770313318478295	1.46
1993-03-17 07:30	0.6915670920661762	1.79
1993-03-18 07:30	0.7997772587076116	2.13
1993-03-19 07:30	0.9084633700975734	2.13
1993-03-20 07:30	0.7181662150756222	1.99
1993-03-21 07:30	0.7903631319848888	1.99
1993-03-22 07:30	0.6248046071157912	1.99
1993-03-23 07:30	0.8997759248268532	2.13
1993-03-24 07:30	0.9679000081907384	2.13
1993-03-25 07:30	0.8020450545993623	2.13
1993-03-26 07:30	0.8613130071259424	2.13
1993-03-27 07:30	0.8137391975014453	1.99
1993-03-28 07:30	0.7831423161995699	1.99
1993-03-29 07:30	0.8306731018262573	1.93
1993-03-30 07:30	0.8092538150936258	1.79
1993-03-31 07:30	0.7320455985888439	1.79
1993-04-01 07:30	0.7040508191314545	1.79
1993-04-02 07:30	0.6368796707722942	1.79
1993-04-03 07:30	0.6125242126443654	1.79
1993-04-04 07:30	0.985165313571896	1.79
1993-04-05 07:30	0.5391360650005979	1.66
1993-04-06 07:30	1.0952538228075497	1.66
1993-04-07 07:30	0.7399683765505202	1.79
1993-04-08 07:30	1.578950825842568	1.79
1993-04-09 07:30	0.8720524875989526	1.79
1993-04-10 07:30	1.3762872184830341	1.79
1993-04-11 07:30	0.7586856642110889	1.79
1993-04-12 07:30	1.1973698800802397	1.79
1993-04-13 07:30	0.6600565278636473	1.79
1993-04-14 07:30	1.0812317956698085	1.79
1993-04-15 07:30	0.7266091792413732	1.79
1993-04-16 07:30	0.9489916622327335	1.79
1993-04-17 07:30	0.8656299859399947	1.79
1993-04-18 07:30	0.8256227461424781	1.79
1993-04-19 07:30	1.0416980877677955	1.99
1993-04-20 07:30	1.8664517891439558	1.99
1993-04-21 07:30	1.266117336357982	1.99
1993-04-22 07:30	1.6238130565552418	1.99
1993-04-23 07:30	1.1015220826314445	1.99
1993-04-24 07:30	1.5817173592030602	1.93
1993-04-25 07:30	0.9583242118893567	1.93
1993-04-26 07:30	1.3760941025066626	1.79
1993-04-27 07:30	0.8337420643437402	1.79
1993-04-28 07:30	1.1972018691807964	1.79
1993-04-29 07:30	0.725355595979054	1.79
1993-04-30 07:30	1.0415656261872928	1.66
1993-05-01 07:30	0.631059368501777	1.66
1993-05-02 07:30	0.9061620947829448	1.66
1993-05-03 07:30	0.6285816505965459	1.66
1993-05-04 07:30	1.200721022461162	1.66
1993-05-05 07:30	0.5557060360189949	1.6
1993-05-06 07:30	1.044627289541211	1.6
1993-05-07 07:30	0.5105042513365255	1.6
1993-05-08 07:30	1.0752257419008535	1.6
1993-05-09 07:30	0.4482986986627773	1.6
1993-05-10 07:30	0.9567663954537424	1.6
1993-05-11 07:30	0.7040998678366163	1.46
1993-05-12 07:30	0.845906764044756	1.46
1993-05-13 07:30	0.6125668850178562	1.46
1993-05-14 07:30	0.7359388847189376	1.46
1993-05-15 07:30	0.5480131899655347	1.4
1993-05-16 07:30	0.6402668297054758	1.4
1993-05-17 07:30	0.4970514752700152	1.4
1993-05-18 07:30	0.5570321418437639	1.4
1993-05-19 07:30	0.4324347834849132	1.4
1993-05-20 07:30	0.4846179634040746	1.4
1993-05-21 07:30	0.39441826163187454	1.46
1993-05-22 07:30	1.503217628161545	1.46
1993-05-23 07:30	1.8948238876197308	1.46
1993-05-24 07:30	1.308319336500544	1.46
1993-05-25 07:30	1.6484967822291656	1.46
1993-05-26 07:30	1.1382378227554732	1.46
1993-05-27 07:30	1.4341922005393741	1.6
1993-05-28 07:30	1.4083469057972617	1.6
1993-05-29 07:30	1.4635472144692554	1.6
1993-05-30 07:30	1.5944618080436177	1.6
1993-05-31 07:30	1.2732860765882523	1.6
1993-06-01 07:30	1.6825417729979475	1.6
1993-06-02 07:30	1.1467588866317795	1.66
1993-06-03 07:30	1.4638113425082142	1.79
1993-06-04 07:30	1.750640231369648	1.79
1993-06-05 07:30	1.9911158679821468	1.79
1993-06-06 07:30	1.5230570012915938	1.66
1993-06-07 07:30	1.7322708051444675	1.66
1993-06-08 07:30	1.3500195911236867	1.66
1993-06-09 07:30	1.5070756004756867	1.66
1993-06-10 07:30	1.1745170442776074	1.66
1993-06-11 07:30	1.3111557724138474	1.66
1993-06-12 07:30	1.5792698285215185	1.66
1993-06-13 07:30	1.9415055220000472	1.66
1993-06-14 07:30	1.3973647508137212	1.66
1993-06-15 07:30	1.937669804140041	1.46
1993-06-16 07:30	1.8007073332079373	0.93
1993-06-17 07:30	1.8438527296018357	1.4
1993-06-18 07:30	2.6898153798909057	1.26
1993-06-19 07:30	1.633791874753597	1.26
1993-06-20 07:30	2.348459380505088	1.26
1993-06-21 07:30	1.4213989310356294	1.2
1993-06-22 07:30	2.0431596610394265	1.2
1993-06-23 07:30	1.2366170700009977	1.2
1993-06-24 07:30	1.839428905104301	1.26
1993-06-25 07:30	1.100816850900868	1.2
1993-06-26 07:30	1.6023831474407417	1.2
1993-06-27 07:30	0.9733106602837552	1.06
1993-06-28 07:30	1.6031133382734455	1.0
1993-06-29 07:30	0.8660202744468669	1.0
1993-06-30 07:30	1.4945486042978977	1.0
1993-07-01 07:30	0.7534376387687742	0.93
1993-07-02 07:30	1.300257285739171	0.93
1993-07-03 07:30	0.6554907457288336	0.8
1993-07-04 07:30	1.1312238385930788	0.93
1993-07-05 07:30	0.5702769487840852	1.0
1993-07-06 07:30	0.9841647395759785	1.06
1993-07-07 07:30	1.8143409454421542	1.06
1993-07-08 07:30	0.8562233234311012	1.06
1993-07-09 07:30	1.5784766225346742	1.06
1993-07-10 07:30	0.744914291385058	1.06
1993-07-11 07:30	1.3732746616051665	1.06
1993-07-12 07:30	1.3365554335050007	0.66
1993-07-13 07:30	1.246228955596495	0.66
1993-07-14 07:30	1.5559232271493506	0.66
1993-07-15 07:30	1.2677791913689507	0.73
1993-07-16 07:30	1.7826532076199353	1.2
1993-07-17 07:30	2.047287896490987	1.2
1993-07-18 07:30	3.0282282906293436	1.06
1993-07-19 07:30	1.781140469947159	1.06
1993-07-20 07:30	2.656398612847529	1.26
1993-07-21 07:30	1.9848322088540282	1.26
1993-07-22 07:30	2.4483467931773504	1.26
1993-07-23 07:30	1.7424040217030043	1.26
1993-07-24 07:30	2.1763417100642948	1.26
1993-07-25 07:30	1.5798514988816137	1.4
1993-07-26 07:30	2.008337287755937	1.26
1993-07-27 07:30	1.965710804027004	1.46
1993-07-28 07:30	2.051453440347665	2.39
1993-07-29 07:30	2.9082483995034933	2.13
1993-07-30 07:30	1.8341644931024685	1.99
1993-07-31 07:30	2.5301761075680393	2.39
1993-08-01 07:30	2.1724031089991476	2.26
1993-08-02 07:30	2.701493213584194	2.13
1993-08-03 07:30	1.8899907048292584	1.99
1993-08-04 07:30	2.350299095818249	1.99
1993-08-05 07:30	1.9282119132014548	1.99
1993-08-06 07:30	2.0447602133618767	1.86
1993-08-07 07:30	2.463784364485266	1.73
1993-08-08 07:30	1.7789413856248328	1.6
1993-08-09 07:30	2.143492397102181	1.46
1993-08-10 07:30	1.6443990054936044	2.13
1993-08-11 07:30	2.9677583854788976	1.86
1993-08-12 07:30	1.9079871347794362	1.86
1993-08-13 07:30	2.581949795366641	1.73
1993-08-14 07:30	1.8830288072581094	1.73
1993-08-15 07:30	2.2462963219689778	1.6
1993-08-16 07:30	1.6382350623145552	1.46
1993-08-17 07:30	1.9542778001130106	1.46
1993-08-18 07:30	1.4387845042136629	1.46
1993-08-19 07:30	1.7002216860983193	1.46
1993-08-20 07:30	1.2517425186658866	1.46
1993-08-21 07:30	1.4791928669055379	1.4
1993-08-22 07:30	1.0890159912393214	1.26
1993-08-23 07:30	1.286897794207818	1.26
1993-08-24 07:30	1.1076039123782095	1.26
1993-08-25 07:30	1.1445610809608016	1.2
1993-08-26 07:30	0.9636154037690422	1.2
1993-08-27 07:30	0.9957681404358973	1.2
1993-08-28 07:30	0.8383454012790668	1.06
1993-08-29 07:30	0.8730782821792306	1.06
1993-08-30 07:30	0.7361204991127881	1.06
1993-08-31 07:30	0.7595781054959306	1.06
1993-09-01 07:30	1.0964648342281256	1.06
1993-09-02 07:30	1.1433929517814598	1.0
1993-09-03 07:30	0.9804444057784693	1.06
1993-09-04 07:30	1.31351186804987	1.2
1993-09-05 07:30	1.6855066330272683	1.06
1993-09-06 07:30	1.822915325203387	1.0
1993-09-07 07:30	1.5147507707337236	0.93
1993-09-08 07:30	1.5926963329269466	0.93
1993-09-09 07:30	1.3422731705383395	0.93
1993-09-10 07:30	1.6440858096464435	0.93
1993-09-11 07:30	1.2005376583683556	0.93
1993-09-12 07:30	1.6492746543924057	1.0
1993-09-13 07:30	1.4339477627804693	1.2
1993-09-14 07:30	1.598668949321393	1.4
1993-09-15 07:30	1.9365345536190084	1.26
1993-09-16 07:30	1.564521985909612	1.26
1993-09-17 07:30	2.0612650616485375	1.2
1993-09-18 07:30	1.5914941277413623	1.2
1993-09-19 07:30	1.9357806036342275	1.2
1993-09-20 07:30	1.3845998911349853	1.2
1993-09-21 07:30	1.6841291251617778	1.2
1993-09-22 07:30	1.204601905287437	1.2
1993-09-23 07:30	1.4651923388907466	1.2
1993-09-24 07:30	1.0480036576000702	1.2
1993-09-25 07:30	1.3126773348349494	1.2
1993-09-26 07:30	0.9429631821120612	1.2
1993-09-27 07:30	1.3333892813064059	1.2
1993-09-28 07:30	0.8624979684374933	1.2
1993-09-29 07:30	1.1600486747365732	1.2
1993-09-30 07:30	0.7503732325406192	1.2
1993-10-01 07:30	1.0092423470208187	1.06
1993-10-02 07:30	0.6528247123103386	1.06
1993-10-03 07:30	0.8780408419081123	1.26
1993-10-04 07:30	0.9454774997099946	1.26
1993-10-05 07:30	1.5298555324600578	1.2
1993-10-06 07:30	0.9312454247476953	1.2
1993-10-07 07:30	1.3465743132402501	1.2
1993-10-08 07:30	0.8788235195304949	1.06
1993-10-09 07:30	1.1730796525190177	1.06
1993-10-10 07:30	0.9673764619915305	1.06
1993-10-11 07:30	1.0918192976915453	1.2
1993-10-12 07:30	1.1848175219326316	1.26
1993-10-13 07:30	0.9831627889916444	1.2
1993-10-14 07:30	1.0853912440813895	1.2
1993-10-15 07:30	0.8605516264227306	1.26
1993-10-16 07:30	1.3592503823508089	1.26
1993-10-17 07:30	1.1121599149877757	1.26
1993-10-18 07:30	1.182547832645204	1.2
1993-10-19 07:30	0.9764191260393649	1.26
1993-10-20 07:30	1.0288166144013273	1.26
1993-10-21 07:30	0.8494846396542474	1.26
1993-10-22 07:30	1.1753504545291549	1.26
1993-10-23 07:30	0.7723316364991953	1.73
1993-10-24 07:30	1.4941948954403648	2.26
1993-10-25 07:30	1.3884885237543	2.13
1993-10-26 07:30	1.6155895590331175	2.26
1993-10-27 07:30	1.207985015666241	2.39
1993-10-28 07:30	1.4055629163588124	2.39
1993-10-29 07:30	1.0509469636296298	2.39
1993-10-30 07:30	1.2228397372321667	2.26
1993-10-31 07:30	0.914323858357778	1.99
