INFO: created class loader using [file:/D:/Development/J2K_work/dist/J2K_work.jar]
INFO: The model definition in "D:/Development/J2K/src/org/unijena/abc/abc.xml" has been adapted in order to meet modifications of the JAMS model DTD.
The new definition has been stored in "D:\Development\J2K\src\org\unijena\abc\_abc.xml" while your original file was left untouched.
INFO: Loading model from "D:\Development\J2K\src\org\unijena\abc\_abc.xml"...
INFO: ************* "abc model" *************
INFO: author  : D. Boyle and P. Krause
INFO: creation: 18.05.2006
INFO: **************************
INFO: Adding: TemporalContext (org.unijena.jams.model.JAMSTemporalContext)
INFO: org.unijena.jams.model.JAMSTemporalContext
INFO:      TemporalContext var declaration: timeInterval (org.unijena.jams.data.JAMSTimeInterval)
INFO:           Access: READ Update: INIT
INFO: Adding: ClimateReader (org.unijena.abc.Climate)
INFO: org.unijena.abc.Climate
INFO:      ClimateReader var declaration: fileName (org.unijena.jams.data.JAMSString)
INFO:           Access: READ Update: INIT
INFO: Adding: abcModel (org.unijena.abc.ABCModel)
INFO: org.unijena.abc.ABCModel
INFO:      abcModel var declaration: precip (org.unijena.jams.data.JAMSDouble)
INFO:           Access: READ Update: RUN
INFO:      abcModel var declaration: a (org.unijena.jams.data.JAMSDouble)
INFO:           Access: READ Update: INIT
INFO:      abcModel var declaration: b (org.unijena.jams.data.JAMSDouble)
INFO:           Access: READ Update: INIT
INFO:      abcModel var declaration: c (org.unijena.jams.data.JAMSDouble)
INFO:           Access: READ Update: INIT
INFO:      abcModel var declaration: initStor (org.unijena.jams.data.JAMSDouble)
INFO:           Access: READ Update: INIT
INFO: Adding: abcOutput (org.unijena.abc.Output)
INFO: org.unijena.abc.Output
INFO:      abcOutput var declaration: time (org.unijena.jams.data.JAMSCalendar)
INFO:           Access: READ Update: RUN
INFO:      abcOutput var declaration: fileName (org.unijena.jams.data.JAMSString)
INFO:           Access: READ Update: INIT
INFO:      abcOutput var declaration: obsRunoff (org.unijena.jams.data.JAMSDouble)
INFO:           Access: READ Update: RUN
INFO:      abcOutput var declaration: simRunoff (org.unijena.jams.data.JAMSDouble)
INFO:           Access: READ Update: RUN
INFO: Adding: EfficiencyCalculator (org.unijena.j2k.efficiencies.StandardEfficiencyCalculator)
INFO: org.unijena.j2k.efficiencies.StandardEfficiencyCalculator
INFO:      EfficiencyCalculator var declaration: timeInterval (org.unijena.jams.data.JAMSTimeInterval)
INFO:           Access: READ Update: INIT
INFO:      EfficiencyCalculator var declaration: effMethod (org.unijena.jams.data.JAMSIntegerArray)
INFO:           Access: READ Update: INIT
INFO:      EfficiencyCalculator var declaration: validation (org.unijena.jams.data.JAMSDouble)
INFO:           Access: READ Update: RUN
INFO:      EfficiencyCalculator var declaration: prediction (org.unijena.jams.data.JAMSDouble)
INFO:           Access: READ Update: RUN
INFO: JAMS model setup time: 422 ms
INFO: Startdate:	1948-01-01 00:01
INFO: Enddate:	1986-12-01 00:00
INFO: Tsteps:	40
INFO: Counter is:	 39
INFO: e1:	 -0.29785871346418236
INFO: e2:		-0.30485147122145007
INFO: log e1:	 -0.26501317974265537
INFO: log e2:	 -0.4411345567457745
INFO: ioa1:	 0.4223737550814032
INFO: ioa2:	 0.697006693235593
INFO: r˛:	 0.8146210035560318
INFO: grad:	0.5528799044833591
INFO: wr˛:	 0.45038758263619705
INFO: JAMS model execution time: 94 ms
