# Thornthwaite model output
# 
time	daylength	potet	snowMelt	runoff	soilMoistStor
1989-11-01 07:30	9.604174654535178	15.42185766378425	0.0	75.0	178.71769543621576
1989-11-02 07:30	9.604174654535178	14.81441570579099	0.0	50.905302715212386	200.0
1989-11-03 07:30	9.604174654535178	17.50462374903593	0.0	33.08334083308822	200.0
1989-11-04 07:30	9.604174654535178	37.11863575458847	0.0	22.211129489249874	200.0
1989-11-05 07:30	9.604174654535178	43.60808921245156	0.0	64.59841063839916	200.0
1989-11-06 07:30	9.604174654535178	63.33201264755825	0.0	37.97120404542046	200.0
1989-11-07 07:30	9.604174654535178	67.25406325071164	0.0	61.262241897354414	200.0
1989-11-08 07:30	9.604174654535178	68.86895827922918	0.0	40.23741710906262	200.0
1989-11-09 07:30	9.604174654535178	57.333473077559134	0.0	21.76263716575174	200.0
1989-11-10 07:30	9.604174654535178	39.49283073055777	0.0	48.94812021759699	200.0
1989-11-11 07:30	9.604174654535178	25.25709273170095	0.0	24.474060108798493	188.17668506829904
1989-11-12 07:30	9.604174654535178	15.840595668624303	0.0	40.63962525423663	200.0
1989-11-13 07:30	9.604174654535178	14.979753983271937	0.0	20.319812627118313	195.03913541672807
1989-11-14 07:30	9.604174654535178	19.521939300122813	0.0	19.69194952186178	200.0
1989-11-15 07:30	9.604174654535178	25.77463498834043	0.0	41.94487476676068	200.0
1989-11-16 07:30	9.604174654535178	32.14374836068715	0.0	20.97243738338034	194.89313973931286
1989-11-17 07:30	9.604174654535178	44.723622578285145	0.0	47.33531277220402	200.0
1989-11-18 07:30	9.604174654535178	56.527329114124626	0.0	51.213436329039695	200.0
1989-11-19 07:30	9.604174654535178	66.7412276147324	0.0	58.99577835715364	200.0
1989-11-20 07:30	9.604174654535178	64.03882724706023	0.0	39.69892310504671	200.0
1989-11-21 07:30	9.604174654535178	49.763389254625494	0.0	65.3822109252106	200.0
1989-11-22 07:30	9.604174654535178	37.27523086308666	0.0	47.28515658106196	200.0
1989-11-23 07:30	9.604174654535178	21.580939455934647	0.0	59.82799966256367	200.0
1989-11-24 07:30	9.604174654535178	15.713794235443215	0.0	42.53232436356023	200.0
1989-11-25 07:30	9.604174654535178	13.329386949575975	0.0	29.220579756992134	200.0
1989-11-26 07:30	9.604174654535178	21.002423495273394	0.0	16.145855630859366	200.0
1989-11-27 07:30	9.604174654535178	22.35433924460343	0.0	16.608980693127965	200.0
1989-11-28 07:30	9.604174654535178	32.19299404199569	0.0	28.769882975566134	200.0
1989-11-29 07:30	9.604174654535178	56.096302122809504	0.0	14.384941487783067	192.1354788771905
1989-11-30 07:30	9.604174654535178	57.973361684437776	0.0	66.09452834026791	200.0
1989-12-01 07:30	8.957607286548047	65.13793205584034	0.0	42.89630124221378	200.0
1989-12-02 07:30	8.957607286548047	65.61331912577064	0.0	21.44815062110689	177.51023887422934
1989-12-03 07:30	8.957607286548047	46.58358598468282	0.0	49.24062425532671	200.0
1989-12-04 07:30	8.957607286548047	36.53326222306484	0.0	49.33612196613093	200.0
1989-12-05 07:30	8.957607286548047	21.477665778694334	0.0	36.8880064937183	200.0
1989-12-06 07:30	8.957607286548047	16.124812001544985	0.0	25.97437449608665	200.0
1989-12-07 07:30	8.957607286548047	0.0	0.0	12.987187248043325	200.0
1989-12-08 07:30	8.957607286548047	16.27983132705894	5.77144385	12.265037474021662	190.29594572294107
1989-12-09 07:30	8.957607286548047	24.811255216573443	2.885721925	17.12530649019465	200.0
1989-12-10 07:30	8.957607286548047	35.69025595149891	1.4428609625	21.141082569347873	200.0
1989-12-11 07:30	8.957607286548047	45.12708671587525	0.72143048125	17.28755367673631	200.0
1989-12-12 07:30	8.957607286548047	59.809334290801935	0.360715240625	17.67166584296719	200.0
1989-12-13 07:30	8.957607286548047	70.07780811176126	0.1803576203125	23.087040415602964	200.0
1989-12-14 07:30	8.957607286548047	68.0949012741725	0.09017881015625	11.543520207801482	170.9364288258275
1989-12-15 07:30	8.957607286548047	52.43148600315549	0.045089405078125	5.771760103900741	172.691611222672
1989-12-16 07:30	8.957607286548047	44.068884062177624	0.0225447025390625	2.8858800519503705	150.65021735902138
1989-12-17 07:30	8.957607286548047	23.195061865583522	0.01127235126953125	1.4429400259751852	169.64737049343785
1989-12-18 07:30	8.957607286548047	12.17574216087595	0.005636175634765625	0.7214700129875926	184.3109628325619
1989-12-19 07:30	8.957607286548047	15.656560847437031	0.0028180878173828124	0.3607350064937963	186.97062318512488
1989-12-20 07:30	8.957607286548047	14.692823670675775	0.0014090439086914062	12.721155160471438	200.0
1989-12-21 07:30	8.957607286548047	20.263893185811032	7.045219543457031E-4	25.495074237330194	200.0
1989-12-22 07:30	8.957607286548047	34.62733126503038	3.5226097717285155E-4	30.30242848614991	200.0
1989-12-23 07:30	8.957607286548047	44.782976975924605	1.7613048858642578E-4	56.18917275511266	200.0
1989-12-24 07:30	8.957607286548047	56.429324616728486	8.806524429321289E-5	36.97803806919209	200.0
1989-12-25 07:30	8.957607286548047	73.25899960081901	4.4032622146606444E-5	18.489019034596044	149.770333499181
1989-12-26 07:30	8.957607286548047	64.64127073031018	2.2016311073303222E-5	17.101155401733433	200.0
1989-12-27 07:30	8.957607286548047	47.647406800070485	1.1008155536651611E-5	36.69809630083149	200.0
1989-12-28 07:30	8.957607286548047	31.120459131832774	5.5040777683258055E-6	18.349048150415744	193.3199838681672
1989-12-29 07:30	8.957607286548047	22.956610485033348	2.7520388841629027E-6	61.07354176677481	200.0
1989-12-30 07:30	8.957607286548047	14.993893865257958	1.3760194420814514E-6	35.99382345075843	200.0
1989-12-31 07:30	8.957607286548047	15.977378950647063	6.880097210407257E-7	27.576554900055676	200.0
1990-01-01 07:30	9.33255896071047	16.942760252044742	3.4400486052036284E-7	25.792118974005465	200.0
1990-01-02 07:30	9.33255896071047	16.96222364562143	1.7200243026018142E-7	21.743393114192017	200.0
1990-01-03 07:30	9.33255896071047	38.415848995876765	8.600121513009071E-8	24.161658709157628	200.0
1990-01-04 07:30	9.33255896071047	47.835427234461385	4.3000607565045355E-8	43.19644873734811	200.0
1990-01-05 07:30	9.33255896071047	58.86214025352868	2.1500303782522678E-8	47.69437224190971	200.0
1990-01-06 07:30	9.33255896071047	74.05650556315608	1.0750151891261339E-8	23.847186120954856	176.54594193684392
1990-01-07 07:30	9.33255896071047	67.14489544704466	5.3750759456306694E-9	11.923593060477428	196.97460148979926
1990-01-08 07:30	9.33255896071047	53.124078239594276	2.6875379728153347E-9	43.306163655341216	200.0
1990-01-09 07:30	9.33255896071047	35.48989723713398	1.3437689864076674E-9	25.074799259103617	200.0
1990-01-10 07:30	9.33255896071047	28.089851555803914	6.718844932038337E-10	12.537399629551809	184.3561495441961
1990-01-11 07:30	9.33255896071047	20.547298076382955	3.3594224660191684E-10	11.244792248682478	200.0
1990-01-12 07:30	9.33255896071047	13.135707562134046	1.6797112330095842E-10	13.292653843274211	200.0
1990-01-13 07:30	9.33255896071047	15.912025131086963	8.398556165047921E-11	28.958647806093616	200.0
1990-01-14 07:30	9.33255896071047	25.73279737398592	4.1992780825239605E-11	14.479323903046808	195.29275732601408
1990-01-15 07:30	9.33255896071047	31.66457389144432	2.0996390412619802E-11	41.321312668808275	200.0
1990-01-16 07:30	9.33255896071047	43.9054270878764	1.0498195206309901E-11	20.660656334404138	198.1739072121236
1990-01-17 07:30	9.33255896071047	60.645809867779874	5.249097603154951E-12	10.330328167202069	186.99179659278374
1990-01-18 07:30	9.33255896071047	79.52035848982071	2.6245488015774753E-12	5.165164083601034	180.19326816254676
1990-01-19 07:30	9.33255896071047	60.206414181833736	1.3122744007887377E-12	31.04311853215702	200.0
1990-01-20 07:30	9.33255896071047	47.325555173520414	6.561372003943688E-13	23.679334529318297	200.0
1990-01-21 07:30	9.33255896071047	33.61264525723556	3.280686001971844E-13	11.839667264659148	184.42135324276444
1990-01-22 07:30	9.33255896071047	26.716264245163412	1.640343000985922E-13	5.919833632329574	177.3262137537679
1990-01-23 07:30	9.33255896071047	15.604455993078563	8.20171500492961E-14	2.959916816164787	189.83109076068934
1990-01-24 07:30	9.33255896071047	17.38947490094446	4.100857502464805E-14	1.4799584080823935	188.64809700227534
1990-01-25 07:30	9.33255896071047	17.456156356871798	2.0504287512324026E-14	0.7399792040411968	182.96398264043734
1990-01-26 07:30	9.33255896071047	29.36500268793901	1.0252143756162013E-14	0.3699896020205984	186.59075545249834
1990-01-27 07:30	9.33255896071047	39.36842265500153	5.1260718780810065E-15	39.83616219975871	200.0
1990-01-28 07:30	9.33255896071047	41.58303984529133	2.5630359390405032E-15	57.50422367723369	200.0
1990-01-29 07:30	9.33255896071047	60.57620562455327	1.2815179695202516E-15	49.7437865263402	200.0
1990-01-30 07:30	9.33255896071047	63.25338977865307	6.407589847601258E-16	38.24553027384356	200.0
1990-01-31 07:30	9.33255896071047	61.98328833388212	3.203794923800629E-16	19.12276513692178	185.68403956611786
1990-02-01 07:30	10.507190826128427	53.359928623304285	1.6018974619003145E-16	40.013660039867666	200.0
1990-02-02 07:30	10.507190826128427	41.290827602932964	8.009487309501573E-17	41.82174716846734	200.0
1990-02-03 07:30	10.507190826128427	25.289297409564583	4.004743654750786E-17	20.91087358423367	193.7607017904354
1990-02-04 07:30	10.507190826128427	18.94292979047893	2.002371827375393E-17	21.21821034209507	200.0
1990-02-05 07:30	10.507190826128427	17.594147634543624	1.0011859136876966E-17	34.52158795377572	200.0
1990-02-06 07:30	10.507190826128427	18.078788903639744	5.005929568438483E-18	23.066288225067986	200.0
1990-02-07 07:30	10.507190826128427	27.700979843029927	2.5029647842192414E-18	39.90310174101904	200.0
1990-02-08 07:30	10.507190826128427	37.10911173415738	1.2514823921096207E-18	41.79710715343083	200.0
1990-02-09 07:30	10.507190826128427	47.028974663366235	6.257411960548104E-19	82.99618024503229	200.0
1990-02-10 07:30	10.507190826128427	68.22178975960576	3.128705980274052E-19	57.90497174271326	200.0
1990-02-11 07:30	10.507190826128427	75.50385332442755	1.564352990137026E-19	30.78222425914285	200.0
1990-02-12 07:30	10.507190826128427	77.34645235733312	7.82176495068513E-20	21.210214600904862	200.0
1990-02-13 07:30	10.507190826128427	55.6542843490368	3.910882475342565E-20	22.82529787593404	200.0
1990-02-14 07:30	10.507190826128427	42.024182027795305	1.9554412376712824E-20	20.76766912406937	200.0
1990-02-15 07:30	10.507190826128427	24.256027242954687	9.777206188356412E-21	58.43971244055735	200.0
1990-02-16 07:30	10.507190826128427	17.614361923842562	4.888603094178206E-21	45.445788758357395	200.0
1990-02-17 07:30	10.507190826128427	18.712348994785632	2.444301547089103E-21	32.57194108178588	200.0
1990-02-18 07:30	10.507190826128427	20.924836821767705	1.2221507735445515E-21	36.176550880009096	200.0
1990-02-19 07:30	10.507190826128427	20.4733069755241	6.110753867722757E-22	45.23195490224251	200.0
1990-02-20 07:30	10.507190826128427	39.48270218251073	3.0553769338613787E-22	37.714958409865886	200.0
1990-02-21 07:30	10.507190826128427	52.328536663196275	1.5276884669306894E-22	61.357875873334805	200.0
1990-02-22 07:30	10.507190826128427	66.06348056845893	7.638442334653447E-23	50.97309115243794	200.0
1990-02-23 07:30	10.507190826128427	91.14758264633075	3.8192211673267234E-23	25.48654557621897	147.46041525366925
1990-02-24 07:30	10.507190826128427	79.47700415948846	1.9096105836633617E-23	12.743272788109484	146.5840933524554
1990-02-25 07:30	10.507190826128427	61.17201181086911	9.548052918316808E-24	6.371636394054742	169.88119014158627
1990-02-26 07:30	10.507190826128427	36.82616147931569	4.774026459158404E-24	23.547225528162667	200.0
1990-02-27 07:30	10.507190826128427	25.93622599403351	2.387013229579202E-24	11.773612764081333	187.0177735059665
1990-02-28 07:30	10.507190826128427	19.697022059838737	1.193506614789601E-24	14.834293405104539	200.0
1990-03-01 07:30	11.991759950871064	21.621617825441113	5.967533073948005E-25	7.4171467025522695	186.98616072455889
1990-03-02 07:30	11.991759950871064	31.221312952396183	2.9837665369740026E-25	3.7085733512761347	182.54629554969267
1990-03-03 07:30	11.991759950871064	32.95239269786685	1.4918832684870013E-25	12.366459501550981	200.0
1990-03-04 07:30	11.991759950871064	55.49668727833714	7.459416342435007E-26	34.949881611606905	200.0
1990-03-05 07:30	11.991759950871064	79.37336600937762	3.7297081712175033E-26	17.474940805803453	175.94218959062238
1990-03-06 07:30	11.991759950871064	99.48086818138013	1.8648540856087517E-26	8.737470402901726	151.61350684820823
1990-03-07 07:30	11.991759950871064	119.45062624460779	9.324270428043758E-27	4.368735201450863	89.1526477842874
1990-03-08 07:30	11.991759950871064	124.1108219523371	4.662135214021879E-27	2.1843676007254316	56.17144747769127
1990-03-09 07:30	11.991759950871064	91.55278876275432	2.3310676070109396E-27	1.0921838003627158	125.90865171493695
1990-03-10 07:30	11.991759950871064	53.107117366112746	1.1655338035054698E-27	0.5460919001813579	178.7195333488242
1990-03-11 07:30	11.991759950871064	35.34301864203242	5.827669017527349E-28	0.27304595009067895	166.90903354599553
1990-03-12 07:30	11.991759950871064	31.98324291999168	2.9138345087636745E-28	0.13652297504533947	155.6446038175663
1990-03-13 07:30	11.991759950871064	25.295006611315543	1.4569172543818372E-28	0.06826148752266974	160.37804150625075
1990-03-14 07:30	11.991759950871064	27.495964347191904	7.284586271909186E-29	0.03413074376133487	181.11385435905885
1990-03-15 07:30	11.991759950871064	38.13991831412638	3.642293135954593E-29	0.017065371880667434	156.15945746298053
1990-03-16 07:30	11.991759950871064	56.28812962787787	1.8211465679772965E-29	0.008532685940333717	150.199613008004
1990-03-17 07:30	11.991759950871064	71.55358913030778	9.105732839886483E-30	0.0042663429701668585	153.32201877769623
1990-03-18 07:30	11.991759950871064	108.0540774019679	4.552866419943241E-30	0.0021331714850834293	143.8091741296489
1990-03-19 07:30	11.991759950871064	115.93752855431813	2.2764332099716207E-30	0.0010665857425417146	134.06803282194772
1990-03-20 07:30	11.991759950871064	100.51412699071926	1.1382166049858103E-30	5.332928712708573E-4	115.59367100644275
1990-03-21 07:30	11.991759950871064	85.9172952751116	5.691083024929052E-31	2.6664643563542866E-4	153.20502373133115
1990-03-22 07:30	11.991759950871064	63.49995789911346	2.845541512464526E-31	3.7524427393266615	200.0
1990-03-23 07:30	11.991759950871064	38.96616448318384	1.422770756232263E-31	2.021694428071403	200.0
1990-03-24 07:30	11.991759950871064	30.41927056821021	7.113853781161315E-32	41.04621442993059	200.0
1990-03-25 07:30	11.991759950871064	24.645205463633683	3.5569268905806573E-32	20.523107214965297	184.9221277563663
1990-03-26 07:30	11.991759950871064	30.959539340014718	1.7784634452903286E-32	10.261553607482648	168.74371571301336
1990-03-27 07:30	11.991759950871064	45.62119809894305	8.892317226451643E-33	5.130776803741324	145.46788288080234
1990-03-28 07:30	11.991759950871064	61.86871331223551	4.4461586132258216E-33	2.565388401870662	162.08516966856683
1990-03-29 07:30	11.991759950871064	72.37987014726549	2.2230793066129108E-33	1.282694200935331	174.54130572130134
1990-03-30 07:30	11.991759950871064	103.67892663641477	1.1115396533064554E-33	0.6413471004676655	142.55560954899863
1990-03-31 07:30	11.991759950871064	110.26820379591702	5.557698266532277E-34	0.32067355023383276	114.97348313291396
1990-04-01 07:30	13.65051396297922	139.7642360635892	2.7788491332661385E-34	0.16033677511691638	71.55348499418535
1990-04-02 07:30	13.65051396297922	118.64718585007932	1.3894245666330693E-34	0.08016838755845819	56.488428206531836
1990-04-03 07:30	13.65051396297922	72.27924778586407	6.947122833165346E-35	0.040084193779229095	121.14339942066778
1990-04-04 07:30	13.65051396297922	38.17446079942039	3.473561416582673E-35	0.020042096889614548	188.91515862124737
1990-04-05 07:30	13.65051396297922	29.11354983990991	1.7367807082913366E-35	0.010021048444807274	189.60427638133746
1990-04-06 07:30	13.65051396297922	28.354802893363516	8.683903541456683E-36	17.233968618209378	200.0
1990-04-07 07:30	13.65051396297922	35.30739868674641	4.3419517707283414E-36	8.616984309104689	198.55927001325358
1990-04-08 07:30	13.65051396297922	53.48169969034683	2.1709758853641707E-36	71.88560731600572	200.0
1990-04-09 07:30	13.65051396297922	59.462855810654084	1.0854879426820854E-36	68.8223717526758	200.0
1990-04-10 07:30	13.65051396297922	87.25484631720116	5.427439713410427E-37	35.92520406773733	200.0
1990-04-11 07:30	13.65051396297922	120.80069131888379	2.7137198567052134E-37	23.72925637442677	200.0
1990-04-12 07:30	13.65051396297922	140.99992125781242	1.3568599283526067E-37	11.864628187213386	153.4316354421876
1990-04-13 07:30	13.65051396297922	138.1687021827744	6.784299641763033E-38	5.932314093606693	79.93239766478561
1990-04-14 07:30	13.65051396297922	103.45554549600509	3.3921498208815167E-38	2.9661570468033465	164.6062011687805
1990-04-15 07:30	13.65051396297922	80.73257312535718	1.6960749104407584E-38	1.4830785234016732	173.90251294342332
1990-04-16 07:30	13.65051396297922	53.851399758494786	8.480374552203792E-39	7.009207054165103	200.0
1990-04-17 07:30	13.65051396297922	34.757711633543	4.240187276101896E-39	8.929304160311048	200.0
1990-04-18 07:30	13.65051396297922	29.573987282339452	2.120093638050948E-39	4.464652080155524	189.36312361766056
1990-04-19 07:30	13.65051396297922	41.527852239396935	1.060046819025474E-39	2.232326040077762	182.697261655639
1990-04-20 07:30	13.65051396297922	58.78404100127035	5.30023409512737E-40	1.116163020038881	193.93256115436867
1990-04-21 07:30	13.65051396297922	72.36230373273521	2.650117047563685E-40	9.51854132083617	200.0
1990-04-22 07:30	13.65051396297922	106.38666604439094	1.3250585237818425E-40	4.759270660418085	190.07688835560907
1990-04-23 07:30	13.65051396297922	116.48752639735272	6.625292618909212E-41	2.3796353302090427	172.76302124353856
1990-04-24 07:30	13.65051396297922	156.2296686519834	3.312646309454606E-41	1.1898176651045214	55.65474006471679
1990-04-25 07:30	13.65051396297922	129.36630573624393	1.656323154727303E-41	0.5949088325522607	76.68465932847285
1990-04-26 07:30	13.65051396297922	82.98813878027526	8.281615773636515E-42	0.29745441627613034	155.60742454819757
1990-04-27 07:30	13.65051396297922	75.8791638871334	4.140807886818258E-42	0.14872720813806517	199.36226366106416
1990-04-28 07:30	13.65051396297922	47.26274925484583	2.070403943409129E-42	20.4894505571782	200.0
1990-04-29 07:30	13.65051396297922	33.82596006271165	1.0352019717045644E-42	16.078857497233273	200.0
1990-04-30 07:30	13.65051396297922	35.011374795338476	5.176009858522822E-43	15.764408450947393	200.0
1990-05-01 07:30	15.050936226789666	39.58862220696878	2.588004929261411E-43	22.928225171989308	200.0
1990-05-02 07:30	15.050936226789666	54.05881588719204	1.2940024646307055E-43	25.244038442398633	200.0
1990-05-03 07:30	15.050936226789666	84.23754054676455	6.470012323153528E-44	12.622019221199317	167.07045815323545
1990-05-04 07:30	15.050936226789666	116.71264820172296	3.235006161576764E-44	19.134034086355914	200.0
1990-05-05 07:30	15.050936226789666	151.28963603514455	1.617503080788382E-44	9.567017043177957	171.73102396485547
1990-05-06 07:30	15.050936226789666	171.39341552932555	8.08751540394191E-45	4.7835085215889785	101.30959248757735
1990-05-07 07:30	15.050936226789666	177.0606428755669	4.043757701970955E-45	2.3917542607944893	48.97509547118187
1990-05-08 07:30	15.050936226789666	119.10418256168921	2.0218788509854774E-45	1.1958771303972446	34.83376287922545
1990-05-09 07:30	15.050936226789666	97.05187420847422	1.0109394254927387E-45	0.5979385651986223	22.29033971958986
1990-05-10 07:30	15.050936226789666	61.689263780468835	5.0546971274636935E-46	0.29896928259931116	35.559297339121024
1990-05-11 07:30	15.050936226789666	46.06702296447776	2.5273485637318468E-46	0.14948464129965558	34.38364351983931
1990-05-12 07:30	15.050936226789666	41.322458349482254	1.2636742818659234E-46	0.07474232064982779	27.730788152716066
1990-05-13 07:30	15.050936226789666	63.85113375188433	6.318371409329617E-47	0.037371160324913895	20.677613159154866
1990-05-14 07:30	15.050936226789666	67.05692241715698	3.1591857046648085E-47	0.018685580162456947	20.257348754867962
1990-05-15 07:30	15.050936226789666	90.03811882944889	1.5795928523324042E-47	0.009342790081228474	67.18166292541908
1990-05-16 07:30	15.050936226789666	98.54903908425119	7.897964261662021E-48	0.004671395040614237	82.70683484116789
1990-05-17 07:30	15.050936226789666	146.61548957125612	3.9489821308310106E-48	0.0023356975203071184	47.60047577721987
1990-05-18 07:30	15.050936226789666	170.86949308938392	1.9744910654155053E-48	0.0011678487601535592	19.399800126793743
1990-05-19 07:30	15.050936226789666	175.71055595453575	9.872455327077526E-49	5.839243800767796E-4	6.506143292999816
1990-05-20 07:30	15.050936226789666	128.92372943412153	4.936227663538763E-49	2.919621900383898E-4	5.183026522888393
1990-05-21 07:30	15.050936226789666	74.21466019509123	2.4681138317693816E-49	1.459810950191949E-4	9.05926292779716
1990-05-22 07:30	15.050936226789666	49.06989050675001	1.2340569158846908E-49	7.299054750959745E-5	7.420789496341663
1990-05-23 07:30	15.050936226789666	41.56036362747944	6.170284579423454E-50	3.6495273754798725E-5	6.631640963974318
1990-05-24 07:30	15.050936226789666	0.0	0.0	1.8247636877399363E-5	6.631640963974318
1990-05-25 07:30	15.050936226789666	52.649955281788095	14.81666565	14.816674773818438	6.201595212689307
1990-05-26 07:30	15.050936226789666	67.88321569057032	7.408332825	7.408337386909219	17.905049422118985
1990-05-27 07:30	15.050936226789666	92.69548328762055	3.7041664125	3.7041686934546094	16.595042319274135
1990-05-28 07:30	15.050936226789666	127.64722051832005	1.85208320625	1.8520843467273047	61.61136580095408
1990-05-29 07:30	15.050936226789666	173.37261919198912	0.926041603125	0.9260421733636524	27.47744970673571
1990-05-30 07:30	15.050936226789666	198.450962004939	0.4630208015625	0.4630210866818262	9.433211816771646
1990-05-31 07:30	15.050936226789666	177.73961275837988	0.23151040078125	0.2315105433409131	6.93220178346305
1990-06-01 07:30	15.799406660430348	163.32097889027537	0.115755200390625	0.11575527167045654	3.8479385971379307
1990-06-02 07:30	15.799406660430348	102.46993486156684	0.0578776001953125	0.05787763583522827	2.480792842142165
1990-06-03 07:30	15.799406660430348	67.70013106801962	0.02893880009765625	0.028938817917614136	2.2526106456793555
1990-06-04 07:30	15.799406660430348	47.498249651924105	0.014469400048828124	0.014469408958807068	1.877205245285936
1990-06-05 07:30	15.799406660430348	0.0	0.0	4.454989472021329E-9	1.877205245285936
1990-06-06 07:30	15.799406660430348	0.0	0.0	2.2274947360106644E-9	1.877205245285936
1990-06-07 07:30	15.799406660430348	60.8438140950297	44.09034455002441	44.09034455113816	1.8141912966242442
1990-06-08 07:30	15.799406660430348	102.548402612634	22.045172275012206	22.04517227556908	1.3816481755575134
1990-06-09 07:30	15.799406660430348	120.61533611349319	11.022586137506103	11.02258613778454	59.723435062064326
1990-06-10 07:30	15.799406660430348	171.32409637549563	5.5112930687530515	5.51129306889227	36.76200206173099
1990-06-11 07:30	15.799406660430348	228.0228958548055	2.7556465343765257	2.755646534446135	0.6332040431923076
1990-06-12 07:30	15.799406660430348	195.73120836520397	1.3778232671882629	1.3778232672230675	0.14664975479177683
1990-06-13 07:30	15.799406660430348	168.07684681376912	0.6889116335941314	0.6889116336115337	0.05999444539834335
1990-06-14 07:30	15.799406660430348	101.92241313791696	0.3444558167970657	0.34445581680576687	0.033120142591429175
1990-06-15 07:30	15.799406660430348	66.239243607868	0.17222790839853286	0.17222790840288343	29.636543134723425
1990-06-16 07:30	15.799406660430348	43.18083257636552	0.08611395419926643	0.08611395420144172	26.6044367972538
1990-06-17 07:30	15.799406660430348	0.0	0.0	1.0876439140677072E-12	26.6044367972538
1990-06-18 07:30	15.799406660430348	37.03737679624926	23.806168077099635	23.80616807710018	26.077545198629345
1990-06-19 07:30	15.799406660430348	67.80384317442632	11.903084038549817	11.90308403855009	52.73347982420302
1990-06-20 07:30	15.799406660430348	88.12704390647716	5.951542019274909	5.951542019275045	49.179437737050776
1990-06-21 07:30	15.799406660430348	115.24535391111058	2.9757710096374543	2.9757710096375223	82.49585182594019
1990-06-22 07:30	15.799406660430348	160.47094050413816	1.4878855048187272	1.4878855048187611	62.74119076252075
1990-06-23 07:30	15.799406660430348	192.38920167927063	0.7439427524093636	0.7439427524093806	37.208284011829484
1990-06-24 07:30	15.799406660430348	180.3394836254088	0.3719713762046818	0.3719713762046903	16.573904541330684
1990-06-25 07:30	15.799406660430348	143.33884760302024	0.1859856881023409	0.18598568810234514	7.513690687990211
1990-06-26 07:30	15.799406660430348	110.87559403643671	0.09299284405117045	0.09299284405117257	5.821864940187844
1990-06-27 07:30	15.799406660430348	56.425155381396316	0.046496422025585224	0.046496422025586286	12.529815758791528
1990-06-28 07:30	15.799406660430348	50.30479072984683	0.023248211012792612	0.023248211012793143	11.526503690806283
1990-06-29 07:30	15.799406660430348	43.42943128708026	0.011624105506396306	0.011624105506396571	11.299054640644803
1990-06-30 07:30	15.799406660430348	44.2684990689977	0.005812052753198153	0.005812052753198286	10.341494325409785
1990-07-01 07:30	15.442932668826764	59.04123167821339	0.0029060263765990765	0.002906026376599143	10.45404074719639
1990-07-02 07:30	15.442932668826764	84.86408306064907	0.0014530131882995382	0.0014530131882995714	9.856599444979766
1990-07-03 07:30	15.442932668826764	119.71486901712339	7.265065941497691E-4	7.265065941497857E-4	65.23239842785637
1990-07-04 07:30	15.442932668826764	186.90384053755898	3.6325329707488456E-4	3.6325329707489286E-4	29.263089634690616
1990-07-05 07:30	15.442932668826764	238.59479161191194	1.8162664853744228E-4	1.8162664853744643E-4	0.0
1990-07-06 07:30	15.442932668826764	222.7969576911921	9.081332426872114E-5	9.081332426872321E-5	0.0
1990-07-07 07:30	15.442932668826764	163.03490674232913	4.540666213436057E-5	4.540666213436161E-5	0.0
1990-07-08 07:30	15.442932668826764	93.77887687977068	2.2703331067180285E-5	2.2703331067180804E-5	0.0
1990-07-09 07:30	15.442932668826764	62.52981399064512	1.1351665533590143E-5	1.1351665533590402E-5	0.0
1990-07-10 07:30	15.442932668826764	50.6025282121878	5.675832766795071E-6	5.675832766795201E-6	0.0
1990-07-11 07:30	15.442932668826764	44.51345714606722	2.8379163833975356E-6	2.8379163833976004E-6	0.0
1990-07-12 07:30	15.442932668826764	52.115925461263416	1.4189581916987678E-6	1.4189581916988002E-6	0.0
1990-07-13 07:30	15.442932668826764	67.73690448030803	7.094790958493839E-7	7.094790958494001E-7	0.0
1990-07-14 07:30	15.442932668826764	111.78825696051534	3.5473954792469196E-7	3.5473954792470006E-7	0.0
1990-07-15 07:30	15.442932668826764	112.25983982293434	1.7736977396234598E-7	1.7736977396235003E-7	25.972597177065666
1990-07-16 07:30	15.442932668826764	176.67910076198024	8.868488698117299E-8	8.868488698117501E-8	17.032570053109794
1990-07-17 07:30	15.442932668826764	207.2503161098717	4.4342443490586494E-8	4.434244349058751E-8	7.907703539380922
1990-07-18 07:30	15.442932668826764	175.53328349571828	2.2171221745293247E-8	2.2171221745293753E-8	4.370765294098846
1990-07-19 07:30	15.442932668826764	145.5734155630128	1.1085610872646624E-8	1.1085610872646877E-8	2.3427770290100374
1990-07-20 07:30	15.442932668826764	94.21055921454536	5.542805436323312E-9	5.542805436323438E-9	88.47222981446468
1990-07-21 07:30	15.442932668826764	66.58030506533808	2.771402718161656E-9	2.771402718161719E-9	93.9432476491266
1990-07-22 07:30	15.442932668826764	45.63469064065934	1.385701359080828E-9	1.3857013590808596E-9	76.36551569786359
1990-07-23 07:30	15.442932668826764	39.382536764171	6.92850679540414E-10	6.928506795404298E-10	101.78119673369258
1990-07-24 07:30	15.442932668826764	41.86947657978281	3.46425339770207E-10	3.464253397702149E-10	98.34046689984488
1990-07-25 07:30	15.442932668826764	69.6293880746491	1.732126698851035E-10	1.7321266988510745E-10	85.62665486730552
1990-07-26 07:30	15.442932668826764	83.06461818716663	8.660633494255175E-11	8.660633494255372E-11	69.03403698890423
1990-07-27 07:30	15.442932668826764	122.1679212532313	4.3303167471275873E-11	6.472608867879759	200.0
1990-07-28 07:30	15.442932668826764	143.91156469745198	2.1651583735637937E-11	3.2363044339398797	180.80243230254803
1990-07-29 07:30	15.442932668826764	193.4537936548488	1.0825791867818968E-11	1.6181522169699398	73.60445028502565
1990-07-30 07:30	15.442932668826764	204.80600419069185	5.412895933909484E-12	0.8090761084849699	10.321061014804684
1990-07-31 07:30	15.442932668826764	147.31080034419858	2.706447966954742E-12	0.40453805424248496	4.506065090419694
1990-08-01 07:30	14.182514991311116	81.24315699509673	1.353223983477371E-12	0.20226902712124248	3.48189554746078
1990-08-02 07:30	14.182514991311116	52.41730350534665	6.766119917386855E-13	0.10113451356062124	35.336145042114126
1990-08-03 07:30	14.182514991311116	41.902598206372566	3.3830599586934276E-13	0.05056725678031062	70.00044133574156
1990-08-04 07:30	14.182514991311116	35.84484347452364	1.6915299793467138E-13	0.02528362839015531	68.55735897137528
1990-08-05 07:30	14.182514991311116	40.967030341683994	8.457649896733569E-14	0.012641814195077655	89.70743602969128
1990-08-06 07:30	14.182514991311116	51.30584890622407	4.2288249483667845E-14	0.0063209070975388275	113.41625842346721
1990-08-07 07:30	14.182514991311116	62.292534718760734	2.1144124741833923E-14	0.0031604535487694137	119.90127340470647
1990-08-08 07:30	14.182514991311116	92.32120222697097	1.0572062370916961E-14	0.0015802267743847069	184.9189691777355
1990-08-09 07:30	14.182514991311116	123.4872527651343	5.286031185458481E-15	7.901133871923534E-4	171.2317582562183
1990-08-10 07:30	14.182514991311116	166.50732283830436	2.6430155927292403E-15	3.950566935961767E-4	47.32865734860664
1990-08-11 07:30	14.182514991311116	183.29578613147527	1.3215077963646202E-15	1.9752834679808836E-4	12.982406509214378
1990-08-12 07:30	14.182514991311116	130.48378329001548	6.607538981823101E-16	9.876417339904418E-5	7.745851464758443
1990-08-13 07:30	14.182514991311116	85.84623515833691	3.3037694909115504E-16	4.938208669952209E-5	81.07294130642154
1990-08-14 07:30	14.182514991311116	56.60869992187556	1.6518847454557752E-16	2.4691043349761045E-5	83.67445788454597
1990-08-15 07:30	14.182514991311116	0.0	0.0	1.2345521674797928E-5	83.67445788454597
1990-08-16 07:30	14.182514991311116	31.579897216889794	13.2926655	13.292671672760838	77.83011955927935
1990-08-17 07:30	14.182514991311116	46.69590471516789	6.64633275	6.646335836380419	82.66798634411145
1990-08-18 07:30	14.182514991311116	49.663677056094706	3.323166375	3.3231679181902094	143.43786528801675
1990-08-19 07:30	14.182514991311116	68.46842180736765	1.6615831875	1.6615839590951047	145.4685508806491
1990-08-20 07:30	14.182514991311116	102.64599034340723	0.83079159375	0.8307919795475524	129.70234985569468
1990-08-21 07:30	14.182514991311116	149.87359941215786	0.415395796875	0.4153959897737762	80.8443061789349
1990-08-22 07:30	14.182514991311116	163.47643790248492	0.2076978984375	0.2076979948868881	28.60155011400699
1990-08-23 07:30	14.182514991311116	165.49082891390663	0.10384894921875	0.10384899744344404	10.94871293759693
1990-08-24 07:30	14.182514991311116	116.06361029995556	0.051924474609375	0.05192449872172202	7.556713581661895
1990-08-25 07:30	14.182514991311116	80.80902653780207	0.0259622373046875	0.02596224936086101	72.79769004385983
1990-08-26 07:30	14.182514991311116	53.79935650616198	0.01298111865234375	0.012981124680430505	89.41276983769785
1990-08-27 07:30	14.182514991311116	44.61693301584204	0.006490559326171875	0.006490562340215253	169.42516982185583
1990-08-28 07:30	14.182514991311116	29.353796756167064	0.0	1.5070216888181065E-9	169.42516982185583
1990-08-29 07:30	14.182514991311116	35.286779768464726	22.044802579663088	34.41066660711216	200.0
1990-08-30 07:30	14.182514991311116	62.149668027126445	11.022401289831544	48.09239028999287	200.0
1990-08-31 07:30	14.182514991311116	83.73700610343053	5.511200644915772	40.851688093281176	200.0
1990-09-01 07:30	12.557289510138974	82.75886708184484	2.755600322457886	20.425844046640588	186.58313581815514
1990-09-02 07:30	12.557289510138974	103.20922809594134	1.377800161228943	25.898540884427195	200.0
1990-09-03 07:30	12.557289510138974	123.9749375177181	0.6889000806144715	12.949270442213598	125.7243918822819
1990-09-04 07:30	12.557289510138974	124.68870392595693	0.34445004030723575	6.474635221106799	88.8210484628095
1990-09-05 07:30	12.557289510138974	93.82786339157117	0.17222502015361787	3.2373176105533994	108.70052107123833
1990-09-06 07:30	12.557289510138974	61.82460757179437	0.08611251007680894	1.6186588052766997	188.60790849944397
1990-09-07 07:30	12.557289510138974	38.098144404935894	0.04305625503840447	23.759764299892392	200.0
1990-09-08 07:30	12.557289510138974	24.826371241602352	0.021528127519202234	14.353918829145014	200.0
1990-09-09 07:30	12.557289510138974	33.2073284093067	0.010764063759601117	7.176959414572507	167.8651160306933
1990-09-10 07:30	12.557289510138974	35.64371995238052	0.005382031879800559	3.5884797072862535	172.80494937831276
1990-09-11 07:30	12.557289510138974	50.223688144306124	0.0026910159399002793	1.7942398536431268	162.03716656109324
1990-09-12 07:30	12.557289510138974	65.35248051832653	0.0013455079699501396	0.8971199268215634	198.08712904276672
1990-09-13 07:30	12.557289510138974	80.20200280439921	6.727539849750698E-4	30.680452582594537	200.0
1990-09-14 07:30	12.557289510138974	110.10533168365704	3.363769924875349E-4	19.018006449468754	200.0
1990-09-15 07:30	12.557289510138974	138.89883947087284	1.6818849624376746E-4	9.509003224734377	102.89826822912715
1990-09-16 07:30	12.557289510138974	114.13851108485999	8.409424812188373E-5	4.754501612367188	98.4510894091845
1990-09-17 07:30	12.557289510138974	97.37654589815664	4.2047124060941864E-5	2.377250806183594	182.17653351102786
1990-09-18 07:30	12.557289510138974	60.83878601032599	2.1023562030470932E-5	41.47238265344272	200.0
1990-09-19 07:30	12.557289510138974	36.37410398829549	1.0511781015235466E-5	46.152468032573616	200.0
1990-09-20 07:30	12.557289510138974	30.304662639370083	5.255890507617733E-6	23.076234016286808	198.4820042606299
1990-09-21 07:30	12.557289510138974	26.003082206105557	2.6279452538088665E-6	25.604688335405587	200.0
1990-09-22 07:30	12.557289510138974	35.493978880782265	1.3139726269044332E-6	41.593799227311656	200.0
1990-09-23 07:30	12.557289510138974	40.90902617697326	6.569863134522166E-7	39.5853865751692	200.0
1990-09-24 07:30	12.557289510138974	58.95914339424809	3.284931567261083E-7	19.7926932875846	158.0870793057519
1990-09-25 07:30	12.557289510138974	87.48127242120849	1.6424657836305416E-7	47.82936958606402	200.0
1990-09-26 07:30	12.557289510138974	104.76126998641986	8.212328918152708E-8	25.466720299822086	200.0
1990-09-27 07:30	12.557289510138974	116.34364302326235	4.106164459076354E-8	12.733360149911043	154.46591207673765
1990-09-28 07:30	12.557289510138974	124.06987224882319	2.053082229538177E-8	6.3666800749555215	122.66044776832084
1990-09-29 07:30	12.557289510138974	87.24725769720726	1.0265411147690885E-8	3.1833400374777607	148.07630607111358
1990-09-30 07:30	12.557289510138974	57.181333824250515	5.132705573845442E-9	1.5916700187388804	138.6502622431526
1990-10-01 07:30	10.972153042310678	32.98569398322664	2.566352786922721E-9	0.7958350093694402	183.16279065992597
1990-10-02 07:30	10.972153042310678	22.86973700147298	1.2831763934613606E-9	41.20811383391122	200.0
1990-10-03 07:30	10.972153042310678	18.479126736850944	6.415881967306803E-10	27.394715498530143	200.0
1990-10-04 07:30	10.972153042310678	23.436825920497714	3.2079409836534015E-10	13.697357749265072	196.6573951795023
1990-10-05 07:30	10.972153042310678	31.662193438313917	1.6039704918267007E-10	44.774727245226714	200.0
1990-10-06 07:30	10.972153042310678	43.33455100082015	8.019852459133504E-11	49.77030477220328	200.0
1990-10-07 07:30	10.972153042310678	62.886596929039655	4.009926229566752E-11	24.88515238610164	170.10518237096034
1990-10-08 07:30	10.972153042310678	86.69810736183479	2.004963114783376E-11	12.44257619305082	141.82926228368586
1990-10-09 07:30	10.972153042310678	96.83773743166216	1.002481557391688E-11	6.22128809652541	136.26029025406822
1990-10-10 07:30	10.972153042310678	100.50029250692896	5.01240778695844E-12	3.110644048262705	96.63105571284305
1990-10-11 07:30	10.972153042310678	71.90054991376569	2.50620389347922E-12	1.5553220241313526	151.87161879907737
1990-10-12 07:30	10.972153042310678	44.80172079166906	1.25310194673961E-12	0.7776610120656763	152.53589760740832
1990-10-13 07:30	10.972153042310678	33.507361877044886	6.26550973369805E-13	0.38883050603283814	188.9067629303634
1990-10-14 07:30	10.972153042310678	25.25282287018559	3.132754866849025E-13	0.6198292831053354	200.0
1990-10-15 07:30	10.972153042310678	25.310883243157445	1.5663774334245124E-13	12.207808219973943	200.0
1990-10-16 07:30	10.972153042310678	18.33120435179764	7.831887167122562E-14	31.693966784088147	200.0
1990-10-17 07:30	10.972153042310678	33.85540230386032	3.915943583561281E-14	38.599725040113924	200.0
1990-10-18 07:30	10.972153042310678	49.850293986444	1.9579717917806406E-14	19.299862520056962	165.982372413556
1990-10-19 07:30	10.972153042310678	62.766371489322935	9.789858958903203E-15	36.14559672214501	200.0
1990-10-20 07:30	10.972153042310678	73.65518775749217	4.894929479451601E-15	82.06908748232641	200.0
1990-10-21 07:30	10.972153042310678	89.80509558545532	2.4474647397258007E-15	41.034543741163205	188.22935111454467
1990-10-22 07:30	10.972153042310678	88.20414643228142	1.2237323698629003E-15	20.517271870581602	195.41631038226325
1990-10-23 07:30	10.972153042310678	62.47875837729819	6.118661849314502E-16	36.58674893777332	200.0
1990-10-24 07:30	10.972153042310678	51.71590351971821	3.059330924657251E-16	18.29337446888666	190.10942528028178
1990-10-25 07:30	10.972153042310678	34.01124738698351	1.5296654623286254E-16	9.14668723444333	161.42854296049558
1990-10-26 07:30	10.972153042310678	17.335011884786717	0.0	4.573343617221665	156.50290039641658
1990-10-27 07:30	10.972153042310678	26.602025443242262	7.648327311643127E-17	6.465998735197984	200.0
1990-10-28 07:30	10.972153042310678	27.948342461278322	3.8241636558215636E-17	39.35327263695983	200.0
1990-10-29 07:30	10.972153042310678	34.20704976178783	1.9120818279107818E-17	75.07600293758603	200.0
1990-10-30 07:30	10.972153042310678	44.23945196701283	9.560409139553909E-18	91.6606079852866	200.0
1990-10-31 07:30	10.972153042310678	58.76769735347123	4.7802045697769545E-18	101.7904493159077	200.0
